build-multinube-aws-do.amazon-ebs.node_nginx: output will be in this color.
build-multinube-aws-do.digitalocean.node_plus_do: output will be in this color.

==> build-multinube-aws-do.digitalocean.node_plus_do: Creating temporary RSA SSH key for instance...
==> build-multinube-aws-do.digitalocean.node_plus_do: Importing SSH public key...
==> build-multinube-aws-do.amazon-ebs.node_nginx: Prevalidating any provided VPC information
==> build-multinube-aws-do.amazon-ebs.node_nginx: Prevalidating AMI Name: build-actividad-1-1764046457
==> build-multinube-aws-do.digitalocean.node_plus_do: Creating droplet...
==> build-multinube-aws-do.amazon-ebs.node_nginx: Found Image ID: ami-0fc5d935ebf8bc3bc
==> build-multinube-aws-do.amazon-ebs.node_nginx: Setting public IP address to true on instance without a subnet ID
==> build-multinube-aws-do.amazon-ebs.node_nginx: No VPC ID provided, Packer will use the default VPC
==> build-multinube-aws-do.amazon-ebs.node_nginx: Inferring subnet from the selected VPC "vpc-0c683ec344d69c96d"
==> build-multinube-aws-do.amazon-ebs.node_nginx: Set subnet as "subnet-0bc8ed104d5e9a214"
==> build-multinube-aws-do.amazon-ebs.node_nginx: Creating temporary keypair: packer_69253679-3711-6fad-ea69-b125a055d874
==> build-multinube-aws-do.amazon-ebs.node_nginx: Creating temporary security group for this instance: packer_6925367c-6675-9b38-148c-14abb68739d3
==> build-multinube-aws-do.digitalocean.node_plus_do: Waiting for droplet to become active...
==> build-multinube-aws-do.amazon-ebs.node_nginx: Authorizing access to port 22 from [0.0.0.0/0] in the temporary security groups...
==> build-multinube-aws-do.amazon-ebs.node_nginx: Launching a source AWS instance...
==> build-multinube-aws-do.amazon-ebs.node_nginx: changing public IP address config to true for instance on subnet "subnet-0bc8ed104d5e9a214"
==> build-multinube-aws-do.amazon-ebs.node_nginx: Instance ID: i-037a15e90c1f49cef
==> build-multinube-aws-do.amazon-ebs.node_nginx: Waiting for instance (i-037a15e90c1f49cef) to become ready...
==> build-multinube-aws-do.amazon-ebs.node_nginx: Using SSH communicator to connect: 98.81.117.42
==> build-multinube-aws-do.amazon-ebs.node_nginx: Waiting for SSH to become available...
==> build-multinube-aws-do.digitalocean.node_plus_do: Using SSH communicator to connect: 45.55.85.65
==> build-multinube-aws-do.digitalocean.node_plus_do: Waiting for SSH to become available...
==> build-multinube-aws-do.amazon-ebs.node_nginx: Connected to SSH!
==> build-multinube-aws-do.amazon-ebs.node_nginx: Provisioning with shell script: scripts/install_node_nginx.sh
==> build-multinube-aws-do.amazon-ebs.node_nginx: Actualizacion de paquetes
==> build-multinube-aws-do.amazon-ebs.node_nginx: Get:1 http://security.ubuntu.com/ubuntu jammy-security InRelease [129 kB]
==> build-multinube-aws-do.amazon-ebs.node_nginx: Hit:2 http://archive.ubuntu.com/ubuntu jammy InRelease
==> build-multinube-aws-do.amazon-ebs.node_nginx: Get:3 http://archive.ubuntu.com/ubuntu jammy-updates InRelease [128 kB]
==> build-multinube-aws-do.amazon-ebs.node_nginx: Err:2 http://archive.ubuntu.com/ubuntu jammy InRelease
==> build-multinube-aws-do.amazon-ebs.node_nginx:   Splitting up /var/lib/apt/lists/archive.ubuntu.com_ubuntu_dists_jammy_InRelease into data and signature failed
==> build-multinube-aws-do.amazon-ebs.node_nginx: Get:4 http://security.ubuntu.com/ubuntu jammy-security/main amd64 Packages [2818 kB]
==> build-multinube-aws-do.amazon-ebs.node_nginx: Get:5 http://security.ubuntu.com/ubuntu jammy-security/main Translation-en [408 kB]
==> build-multinube-aws-do.amazon-ebs.node_nginx: Get:6 http://security.ubuntu.com/ubuntu jammy-security/main amd64 c-n-f Metadata [13.9 kB]
==> build-multinube-aws-do.amazon-ebs.node_nginx: Get:7 http://security.ubuntu.com/ubuntu jammy-security/restricted amd64 Packages [4710 kB]
==> build-multinube-aws-do.amazon-ebs.node_nginx: Get:8 http://archive.ubuntu.com/ubuntu jammy-backports InRelease [127 kB]
==> build-multinube-aws-do.amazon-ebs.node_nginx: Get:9 http://security.ubuntu.com/ubuntu jammy-security/restricted Translation-en [879 kB]
==> build-multinube-aws-do.amazon-ebs.node_nginx: Get:10 http://security.ubuntu.com/ubuntu jammy-security/restricted amd64 c-n-f Metadata [652 B]
==> build-multinube-aws-do.amazon-ebs.node_nginx: Get:11 http://security.ubuntu.com/ubuntu jammy-security/universe amd64 Packages [1009 kB]
==> build-multinube-aws-do.amazon-ebs.node_nginx: Get:12 http://security.ubuntu.com/ubuntu jammy-security/universe Translation-en [220 kB]
==> build-multinube-aws-do.amazon-ebs.node_nginx: Get:13 http://security.ubuntu.com/ubuntu jammy-security/universe amd64 c-n-f Metadata [22.3 kB]
==> build-multinube-aws-do.amazon-ebs.node_nginx: Get:14 http://security.ubuntu.com/ubuntu jammy-security/multiverse amd64 Packages [50.5 kB]
==> build-multinube-aws-do.amazon-ebs.node_nginx: Get:15 http://security.ubuntu.com/ubuntu jammy-security/multiverse Translation-en [10.2 kB]
==> build-multinube-aws-do.amazon-ebs.node_nginx: Get:16 http://security.ubuntu.com/ubuntu jammy-security/multiverse amd64 c-n-f Metadata [376 B]
==> build-multinube-aws-do.amazon-ebs.node_nginx: Get:17 http://archive.ubuntu.com/ubuntu jammy-updates/main amd64 Packages [3089 kB]
==> build-multinube-aws-do.amazon-ebs.node_nginx: Get:18 http://archive.ubuntu.com/ubuntu jammy-updates/main Translation-en [476 kB]
==> build-multinube-aws-do.amazon-ebs.node_nginx: Get:19 http://archive.ubuntu.com/ubuntu jammy-updates/main amd64 c-n-f Metadata [19.0 kB]
==> build-multinube-aws-do.amazon-ebs.node_nginx: Get:20 http://archive.ubuntu.com/ubuntu jammy-updates/restricted amd64 Packages [4891 kB]
==> build-multinube-aws-do.amazon-ebs.node_nginx: Get:21 http://archive.ubuntu.com/ubuntu jammy-updates/restricted Translation-en [914 kB]
==> build-multinube-aws-do.amazon-ebs.node_nginx: Get:22 http://archive.ubuntu.com/ubuntu jammy-updates/restricted amd64 c-n-f Metadata [640 B]
==> build-multinube-aws-do.amazon-ebs.node_nginx: Get:23 http://archive.ubuntu.com/ubuntu jammy-updates/universe amd64 Packages [1243 kB]
==> build-multinube-aws-do.amazon-ebs.node_nginx: Get:24 http://archive.ubuntu.com/ubuntu jammy-updates/universe Translation-en [308 kB]
==> build-multinube-aws-do.amazon-ebs.node_nginx: Get:25 http://archive.ubuntu.com/ubuntu jammy-updates/universe amd64 c-n-f Metadata [29.8 kB]
==> build-multinube-aws-do.amazon-ebs.node_nginx: Get:26 http://archive.ubuntu.com/ubuntu jammy-updates/multiverse amd64 Packages [57.6 kB]
==> build-multinube-aws-do.amazon-ebs.node_nginx: Get:27 http://archive.ubuntu.com/ubuntu jammy-updates/multiverse Translation-en [13.2 kB]
==> build-multinube-aws-do.amazon-ebs.node_nginx: Get:28 http://archive.ubuntu.com/ubuntu jammy-updates/multiverse amd64 c-n-f Metadata [600 B]
==> build-multinube-aws-do.amazon-ebs.node_nginx: Get:29 http://archive.ubuntu.com/ubuntu jammy-backports/main amd64 Packages [69.4 kB]
==> build-multinube-aws-do.amazon-ebs.node_nginx: Get:30 http://archive.ubuntu.com/ubuntu jammy-backports/main Translation-en [11.5 kB]
==> build-multinube-aws-do.amazon-ebs.node_nginx: Get:31 http://archive.ubuntu.com/ubuntu jammy-backports/main amd64 c-n-f Metadata [412 B]
==> build-multinube-aws-do.amazon-ebs.node_nginx: Get:32 http://archive.ubuntu.com/ubuntu jammy-backports/restricted amd64 c-n-f Metadata [116 B]
==> build-multinube-aws-do.amazon-ebs.node_nginx: Get:33 http://archive.ubuntu.com/ubuntu jammy-backports/universe amd64 Packages [30.1 kB]
==> build-multinube-aws-do.amazon-ebs.node_nginx: Get:34 http://archive.ubuntu.com/ubuntu jammy-backports/universe Translation-en [16.6 kB]
==> build-multinube-aws-do.amazon-ebs.node_nginx: Get:35 http://archive.ubuntu.com/ubuntu jammy-backports/universe amd64 c-n-f Metadata [672 B]
==> build-multinube-aws-do.amazon-ebs.node_nginx: Get:36 http://archive.ubuntu.com/ubuntu jammy-backports/multiverse amd64 c-n-f Metadata [116 B]
==> build-multinube-aws-do.amazon-ebs.node_nginx: Reading package lists...
==> build-multinube-aws-do.amazon-ebs.node_nginx: W: GPG error: http://archive.ubuntu.com/ubuntu jammy InRelease: Splitting up /var/lib/apt/lists/archive.ubuntu.com_ubuntu_dists_jammy_InRelease into data and signature failed
==> build-multinube-aws-do.amazon-ebs.node_nginx: E: The repository 'http://archive.ubuntu.com/ubuntu jammy InRelease' is not signed.
==> build-multinube-aws-do.amazon-ebs.node_nginx: Provisioning step had errors: Running the cleanup provisioner, if present...
==> build-multinube-aws-do.amazon-ebs.node_nginx: Terminating the source AWS instance...
==> build-multinube-aws-do.digitalocean.node_plus_do: Connected to SSH!
==> build-multinube-aws-do.digitalocean.node_plus_do: Provisioning with shell script: scripts/install_node_nginx.sh
==> build-multinube-aws-do.digitalocean.node_plus_do: Actualizacion de paquetes
==> build-multinube-aws-do.digitalocean.node_plus_do: Hit:1 http://archive.ubuntu.com/ubuntu jammy InRelease
==> build-multinube-aws-do.digitalocean.node_plus_do: Get:2 http://archive.ubuntu.com/ubuntu jammy-updates InRelease [128 kB]
==> build-multinube-aws-do.digitalocean.node_plus_do: Get:3 http://archive.ubuntu.com/ubuntu jammy-backports InRelease [127 kB]
==> build-multinube-aws-do.digitalocean.node_plus_do: Get:4 http://archive.ubuntu.com/ubuntu jammy-updates/main amd64 Packages [3089 kB]
==> build-multinube-aws-do.digitalocean.node_plus_do: Get:5 http://archive.ubuntu.com/ubuntu jammy-updates/main Translation-en [476 kB]
==> build-multinube-aws-do.digitalocean.node_plus_do: Get:6 http://archive.ubuntu.com/ubuntu jammy-updates/main amd64 c-n-f Metadata [19.0 kB]
==> build-multinube-aws-do.digitalocean.node_plus_do: Get:7 http://archive.ubuntu.com/ubuntu jammy-updates/restricted amd64 Packages [4891 kB]
==> build-multinube-aws-do.digitalocean.node_plus_do: Get:8 http://archive.ubuntu.com/ubuntu jammy-updates/restricted Translation-en [914 kB]
==> build-multinube-aws-do.digitalocean.node_plus_do: Get:9 http://archive.ubuntu.com/ubuntu jammy-updates/restricted amd64 c-n-f Metadata [640 B]
==> build-multinube-aws-do.digitalocean.node_plus_do: Get:10 http://archive.ubuntu.com/ubuntu jammy-updates/universe amd64 Packages [1243 kB]
==> build-multinube-aws-do.digitalocean.node_plus_do: Get:11 http://archive.ubuntu.com/ubuntu jammy-updates/universe Translation-en [308 kB]
==> build-multinube-aws-do.digitalocean.node_plus_do: Get:12 http://archive.ubuntu.com/ubuntu jammy-updates/universe amd64 c-n-f Metadata [29.8 kB]
==> build-multinube-aws-do.digitalocean.node_plus_do: Get:13 http://archive.ubuntu.com/ubuntu jammy-updates/multiverse amd64 Packages [57.6 kB]
==> build-multinube-aws-do.digitalocean.node_plus_do: Get:14 http://archive.ubuntu.com/ubuntu jammy-updates/multiverse Translation-en [13.2 kB]
==> build-multinube-aws-do.digitalocean.node_plus_do: Get:15 http://archive.ubuntu.com/ubuntu jammy-updates/multiverse amd64 c-n-f Metadata [600 B]
==> build-multinube-aws-do.digitalocean.node_plus_do: Get:16 http://archive.ubuntu.com/ubuntu jammy-backports/main amd64 Packages [69.4 kB]
==> build-multinube-aws-do.digitalocean.node_plus_do: Get:17 http://archive.ubuntu.com/ubuntu jammy-backports/main Translation-en [11.5 kB]
==> build-multinube-aws-do.digitalocean.node_plus_do: Get:18 http://archive.ubuntu.com/ubuntu jammy-backports/main amd64 c-n-f Metadata [412 B]
==> build-multinube-aws-do.digitalocean.node_plus_do: Get:19 http://archive.ubuntu.com/ubuntu jammy-backports/universe amd64 Packages [30.1 kB]
==> build-multinube-aws-do.digitalocean.node_plus_do: Get:20 http://archive.ubuntu.com/ubuntu jammy-backports/universe Translation-en [16.6 kB]
==> build-multinube-aws-do.digitalocean.node_plus_do: Get:21 http://archive.ubuntu.com/ubuntu jammy-backports/universe amd64 c-n-f Metadata [672 B]
==> build-multinube-aws-do.digitalocean.node_plus_do: Get:22 http://security.ubuntu.com/ubuntu jammy-security InRelease [129 kB]
==> build-multinube-aws-do.digitalocean.node_plus_do: Get:23 http://security.ubuntu.com/ubuntu jammy-security/main amd64 Packages [2818 kB]
==> build-multinube-aws-do.digitalocean.node_plus_do: Get:24 http://security.ubuntu.com/ubuntu jammy-security/main Translation-en [408 kB]
==> build-multinube-aws-do.digitalocean.node_plus_do: Get:25 http://security.ubuntu.com/ubuntu jammy-security/main amd64 c-n-f Metadata [13.9 kB]
==> build-multinube-aws-do.digitalocean.node_plus_do: Get:26 http://security.ubuntu.com/ubuntu jammy-security/restricted amd64 Packages [4710 kB]
==> build-multinube-aws-do.digitalocean.node_plus_do: Get:27 http://security.ubuntu.com/ubuntu jammy-security/restricted Translation-en [879 kB]
==> build-multinube-aws-do.digitalocean.node_plus_do: Get:28 http://security.ubuntu.com/ubuntu jammy-security/restricted amd64 c-n-f Metadata [652 B]
==> build-multinube-aws-do.digitalocean.node_plus_do: Get:29 http://security.ubuntu.com/ubuntu jammy-security/universe amd64 Packages [1009 kB]
==> build-multinube-aws-do.digitalocean.node_plus_do: Get:30 http://security.ubuntu.com/ubuntu jammy-security/universe Translation-en [220 kB]
==> build-multinube-aws-do.digitalocean.node_plus_do: Get:31 http://security.ubuntu.com/ubuntu jammy-security/universe amd64 c-n-f Metadata [22.3 kB]
==> build-multinube-aws-do.digitalocean.node_plus_do: Get:32 http://security.ubuntu.com/ubuntu jammy-security/multiverse amd64 Packages [50.5 kB]
==> build-multinube-aws-do.digitalocean.node_plus_do: Get:33 http://security.ubuntu.com/ubuntu jammy-security/multiverse Translation-en [10.2 kB]
==> build-multinube-aws-do.digitalocean.node_plus_do: Get:34 http://security.ubuntu.com/ubuntu jammy-security/multiverse amd64 c-n-f Metadata [376 B]
==> build-multinube-aws-do.digitalocean.node_plus_do: Fetched 21.7 MB in 10s (2156 kB/s)
==> build-multinube-aws-do.digitalocean.node_plus_do: Reading package lists...
==> build-multinube-aws-do.digitalocean.node_plus_do: Reading package lists...
==> build-multinube-aws-do.digitalocean.node_plus_do: Building dependency tree...
==> build-multinube-aws-do.digitalocean.node_plus_do: Reading state information...
==> build-multinube-aws-do.digitalocean.node_plus_do: Calculating upgrade...
==> build-multinube-aws-do.digitalocean.node_plus_do: The following packages have been kept back:
==> build-multinube-aws-do.digitalocean.node_plus_do:   linux-headers-generic linux-headers-virtual linux-image-virtual
==> build-multinube-aws-do.digitalocean.node_plus_do:   linux-virtual
==> build-multinube-aws-do.digitalocean.node_plus_do: The following packages will be upgraded:
==> build-multinube-aws-do.digitalocean.node_plus_do:   apparmor apport bind9-dnsutils bind9-host bind9-libs binutils
==> build-multinube-aws-do.digitalocean.node_plus_do:   binutils-common binutils-x86-64-linux-gnu busybox-initramfs busybox-static
==> build-multinube-aws-do.digitalocean.node_plus_do:   ca-certificates cloud-init curl dirmngr dpkg gcc-12-base git git-man gnupg
==> build-multinube-aws-do.digitalocean.node_plus_do:   gnupg-l10n gnupg-utils gnupg2 gpg gpg-agent gpg-wks-client gpg-wks-server
==> build-multinube-aws-do.digitalocean.node_plus_do:   gpgconf gpgsm gpgv iputils-ping iputils-tracepath libapparmor1 libarchive13
==> build-multinube-aws-do.digitalocean.node_plus_do:   libbinutils libblockdev-crypto2 libblockdev-fs2 libblockdev-loop2
==> build-multinube-aws-do.digitalocean.node_plus_do:   libblockdev-part-err2 libblockdev-part2 libblockdev-swap2 libblockdev-utils2
==> build-multinube-aws-do.digitalocean.node_plus_do:   libblockdev2 libc-bin libc6 libcap2 libcap2-bin libctf-nobfd0 libctf0
==> build-multinube-aws-do.digitalocean.node_plus_do:   libcurl3-gnutls libcurl4 libdw1 libelf1 libexpat1 libfreetype6 libgcc-s1
==> build-multinube-aws-do.digitalocean.node_plus_do:   libglib2.0-0 libglib2.0-bin libglib2.0-data libgnutls30 libgssapi-krb5-2
==> build-multinube-aws-do.digitalocean.node_plus_do:   libgstreamer1.0-0 libk5crypto3 libkrb5-3 libkrb5support0
==> build-multinube-aws-do.digitalocean.node_plus_do:   libmodule-scandeps-perl libnss-systemd libpam-cap libpam-modules
==> build-multinube-aws-do.digitalocean.node_plus_do:   libpam-modules-bin libpam-runtime libpam-systemd libpam0g libperl5.34
==> build-multinube-aws-do.digitalocean.node_plus_do:   libpython3.10 libpython3.10-minimal libpython3.10-stdlib libsqlite3-0
==> build-multinube-aws-do.digitalocean.node_plus_do:   libssh-4 libssl3 libstdc++6 libsystemd0 libtasn1-6 libudev1 libudisks2-0
==> build-multinube-aws-do.digitalocean.node_plus_do:   libxml2 libxslt1.1 locales nano needrestart open-vm-tools openssh-client
==> build-multinube-aws-do.digitalocean.node_plus_do:   openssh-server openssh-sftp-server openssl perl perl-base perl-modules-5.34
==> build-multinube-aws-do.digitalocean.node_plus_do:   python3-apport python3-configobj python3-jinja2 python3-pkg-resources
==> build-multinube-aws-do.digitalocean.node_plus_do:   python3-problem-report python3-requests python3-setuptools python3-twisted
==> build-multinube-aws-do.digitalocean.node_plus_do:   python3-urllib3 python3-zipp python3.10 python3.10-minimal rsync shim-signed
==> build-multinube-aws-do.digitalocean.node_plus_do:   snapd sudo systemd systemd-sysv systemd-timesyncd tzdata udev vim vim-common
==> build-multinube-aws-do.digitalocean.node_plus_do:   vim-runtime vim-tiny xxd
==> build-multinube-aws-do.digitalocean.node_plus_do: 123 upgraded, 0 newly installed, 0 to remove and 4 not upgraded.
==> build-multinube-aws-do.digitalocean.node_plus_do: Need to get 103 MB of archives.
==> build-multinube-aws-do.digitalocean.node_plus_do: After this operation, 362 kB of additional disk space will be used.
==> build-multinube-aws-do.digitalocean.node_plus_do: Get:1 http://security.ubuntu.com/ubuntu jammy-security/main amd64 dpkg amd64 1.21.1ubuntu2.6 [1239 kB]
==> build-multinube-aws-do.digitalocean.node_plus_do: Get:2 http://security.ubuntu.com/ubuntu jammy-security/main amd64 libperl5.34 amd64 5.34.0-3ubuntu1.5 [4797 kB]
==> build-multinube-aws-do.digitalocean.node_plus_do: Get:3 http://security.ubuntu.com/ubuntu jammy-security/main amd64 perl amd64 5.34.0-3ubuntu1.5 [232 kB]
==> build-multinube-aws-do.digitalocean.node_plus_do: Get:4 http://security.ubuntu.com/ubuntu jammy-security/main amd64 perl-base amd64 5.34.0-3ubuntu1.5 [1761 kB]
==> build-multinube-aws-do.digitalocean.node_plus_do: Get:5 http://security.ubuntu.com/ubuntu jammy-security/main amd64 perl-modules-5.34 all 5.34.0-3ubuntu1.5 [2977 kB]
==> build-multinube-aws-do.digitalocean.node_plus_do: Get:6 http://security.ubuntu.com/ubuntu jammy-security/main amd64 gcc-12-base amd64 12.3.0-1ubuntu1~22.04.2 [20.6 kB]
==> build-multinube-aws-do.digitalocean.node_plus_do: Get:7 http://security.ubuntu.com/ubuntu jammy-security/main amd64 libgcc-s1 amd64 12.3.0-1ubuntu1~22.04.2 [53.9 kB]
==> build-multinube-aws-do.digitalocean.node_plus_do: Get:8 http://security.ubuntu.com/ubuntu jammy-security/main amd64 libstdc++6 amd64 12.3.0-1ubuntu1~22.04.2 [699 kB]
==> build-multinube-aws-do.digitalocean.node_plus_do: Get:9 http://security.ubuntu.com/ubuntu jammy-security/main amd64 libc6 amd64 2.35-0ubuntu3.11 [3235 kB]
==> build-multinube-aws-do.digitalocean.node_plus_do: Get:10 http://security.ubuntu.com/ubuntu jammy-security/main amd64 libc-bin amd64 2.35-0ubuntu3.11 [706 kB]
==> build-multinube-aws-do.digitalocean.node_plus_do: Get:11 http://security.ubuntu.com/ubuntu jammy-security/main amd64 libpam0g amd64 1.4.0-11ubuntu2.6 [59.9 kB]
==> build-multinube-aws-do.digitalocean.node_plus_do: Get:12 http://security.ubuntu.com/ubuntu jammy-security/main amd64 libpam-modules-bin amd64 1.4.0-11ubuntu2.6 [37.4 kB]
==> build-multinube-aws-do.digitalocean.node_plus_do: Get:13 http://security.ubuntu.com/ubuntu jammy-security/main amd64 libpam-modules amd64 1.4.0-11ubuntu2.6 [282 kB]
==> build-multinube-aws-do.digitalocean.node_plus_do: Get:14 http://security.ubuntu.com/ubuntu jammy-security/main amd64 libsystemd0 amd64 249.11-0ubuntu3.16 [317 kB]
==> build-multinube-aws-do.digitalocean.node_plus_do: Get:15 http://security.ubuntu.com/ubuntu jammy-security/main amd64 systemd-timesyncd amd64 249.11-0ubuntu3.16 [31.2 kB]
==> build-multinube-aws-do.digitalocean.node_plus_do: Get:16 http://security.ubuntu.com/ubuntu jammy-security/main amd64 systemd-sysv amd64 249.11-0ubuntu3.16 [10.5 kB]
==> build-multinube-aws-do.digitalocean.node_plus_do: Get:17 http://security.ubuntu.com/ubuntu jammy-security/main amd64 libnss-systemd amd64 249.11-0ubuntu3.16 [133 kB]
==> build-multinube-aws-do.digitalocean.node_plus_do: Get:18 http://security.ubuntu.com/ubuntu jammy-security/main amd64 libpam-systemd amd64 249.11-0ubuntu3.16 [203 kB]
==> build-multinube-aws-do.digitalocean.node_plus_do: Get:19 http://security.ubuntu.com/ubuntu jammy-security/main amd64 systemd amd64 249.11-0ubuntu3.16 [4581 kB]
==> build-multinube-aws-do.digitalocean.node_plus_do: Get:20 http://security.ubuntu.com/ubuntu jammy-security/main amd64 udev amd64 249.11-0ubuntu3.16 [1557 kB]
==> build-multinube-aws-do.digitalocean.node_plus_do: Get:21 http://security.ubuntu.com/ubuntu jammy-security/main amd64 libudev1 amd64 249.11-0ubuntu3.16 [76.7 kB]
==> build-multinube-aws-do.digitalocean.node_plus_do: Get:22 http://security.ubuntu.com/ubuntu jammy-security/main amd64 libcap2 amd64 1:2.44-1ubuntu0.22.04.2 [18.3 kB]
==> build-multinube-aws-do.digitalocean.node_plus_do: Get:23 http://security.ubuntu.com/ubuntu jammy-security/main amd64 libpam-runtime all 1.4.0-11ubuntu2.6 [40.2 kB]
==> build-multinube-aws-do.digitalocean.node_plus_do: Get:24 http://security.ubuntu.com/ubuntu jammy-security/main amd64 libapparmor1 amd64 3.0.4-2ubuntu2.4 [39.7 kB]
==> build-multinube-aws-do.digitalocean.node_plus_do: Get:25 http://security.ubuntu.com/ubuntu jammy-security/main amd64 libtasn1-6 amd64 4.18.0-4ubuntu0.1 [43.5 kB]
==> build-multinube-aws-do.digitalocean.node_plus_do: Get:26 http://security.ubuntu.com/ubuntu jammy-security/main amd64 libgnutls30 amd64 3.7.3-4ubuntu1.7 [967 kB]
==> build-multinube-aws-do.digitalocean.node_plus_do: Get:27 http://security.ubuntu.com/ubuntu jammy-security/main amd64 libssl3 amd64 3.0.2-0ubuntu1.20 [1905 kB]
==> build-multinube-aws-do.digitalocean.node_plus_do: Get:28 http://security.ubuntu.com/ubuntu jammy-security/main amd64 libexpat1 amd64 2.4.7-1ubuntu0.6 [92.1 kB]
==> build-multinube-aws-do.digitalocean.node_plus_do: Get:29 http://security.ubuntu.com/ubuntu jammy-security/main amd64 libpython3.10 amd64 3.10.12-1~22.04.12 [1949 kB]
==> build-multinube-aws-do.digitalocean.node_plus_do: Get:30 http://security.ubuntu.com/ubuntu jammy-security/main amd64 python3.10 amd64 3.10.12-1~22.04.12 [508 kB]
==> build-multinube-aws-do.digitalocean.node_plus_do: Get:31 http://security.ubuntu.com/ubuntu jammy-security/main amd64 libpython3.10-stdlib amd64 3.10.12-1~22.04.12 [1849 kB]
==> build-multinube-aws-do.digitalocean.node_plus_do: Get:32 http://security.ubuntu.com/ubuntu jammy-security/main amd64 python3.10-minimal amd64 3.10.12-1~22.04.12 [2268 kB]
==> build-multinube-aws-do.digitalocean.node_plus_do: Get:33 http://security.ubuntu.com/ubuntu jammy-security/main amd64 libpython3.10-minimal amd64 3.10.12-1~22.04.12 [815 kB]
==> build-multinube-aws-do.digitalocean.node_plus_do: Get:34 http://security.ubuntu.com/ubuntu jammy-security/main amd64 libsqlite3-0 amd64 3.37.2-2ubuntu0.5 [643 kB]
==> build-multinube-aws-do.digitalocean.node_plus_do: Get:35 http://security.ubuntu.com/ubuntu jammy-security/main amd64 rsync amd64 3.2.7-0ubuntu0.22.04.4 [437 kB]
==> build-multinube-aws-do.digitalocean.node_plus_do: Get:36 http://security.ubuntu.com/ubuntu jammy-security/main amd64 libk5crypto3 amd64 1.19.2-2ubuntu0.7 [86.5 kB]
==> build-multinube-aws-do.digitalocean.node_plus_do: Get:37 http://security.ubuntu.com/ubuntu jammy-security/main amd64 libkrb5support0 amd64 1.19.2-2ubuntu0.7 [32.7 kB]
==> build-multinube-aws-do.digitalocean.node_plus_do: Get:38 http://security.ubuntu.com/ubuntu jammy-security/main amd64 libkrb5-3 amd64 1.19.2-2ubuntu0.7 [356 kB]
==> build-multinube-aws-do.digitalocean.node_plus_do: Get:39 http://security.ubuntu.com/ubuntu jammy-security/main amd64 libgssapi-krb5-2 amd64 1.19.2-2ubuntu0.7 [144 kB]
==> build-multinube-aws-do.digitalocean.node_plus_do: Get:40 http://security.ubuntu.com/ubuntu jammy-security/main amd64 libssh-4 amd64 0.9.6-2ubuntu0.22.04.5 [187 kB]
==> build-multinube-aws-do.digitalocean.node_plus_do: Get:41 http://security.ubuntu.com/ubuntu jammy-security/main amd64 libcurl3-gnutls amd64 7.81.0-1ubuntu1.21 [284 kB]
==> build-multinube-aws-do.digitalocean.node_plus_do: Get:42 http://security.ubuntu.com/ubuntu jammy-security/main amd64 git-man all 1:2.34.1-1ubuntu1.15 [955 kB]
==> build-multinube-aws-do.digitalocean.node_plus_do: Get:43 http://security.ubuntu.com/ubuntu jammy-security/main amd64 git amd64 1:2.34.1-1ubuntu1.15 [3166 kB]
==> build-multinube-aws-do.digitalocean.node_plus_do: Get:44 http://security.ubuntu.com/ubuntu jammy-security/main amd64 openssh-sftp-server amd64 1:8.9p1-3ubuntu0.13 [38.7 kB]
==> build-multinube-aws-do.digitalocean.node_plus_do: Get:45 http://security.ubuntu.com/ubuntu jammy-security/main amd64 openssh-server amd64 1:8.9p1-3ubuntu0.13 [435 kB]
==> build-multinube-aws-do.digitalocean.node_plus_do: Get:46 http://security.ubuntu.com/ubuntu jammy-security/main amd64 openssh-client amd64 1:8.9p1-3ubuntu0.13 [903 kB]
==> build-multinube-aws-do.digitalocean.node_plus_do: Get:47 http://security.ubuntu.com/ubuntu jammy-security/main amd64 libglib2.0-data all 2.72.4-0ubuntu2.5 [4656 B]
==> build-multinube-aws-do.digitalocean.node_plus_do: Get:48 http://security.ubuntu.com/ubuntu jammy-security/main amd64 libdw1 amd64 0.186-1ubuntu0.1 [251 kB]
==> build-multinube-aws-do.digitalocean.node_plus_do: Get:49 http://security.ubuntu.com/ubuntu jammy-security/main amd64 libelf1 amd64 0.186-1ubuntu0.1 [51.1 kB]
==> build-multinube-aws-do.digitalocean.node_plus_do: Get:50 http://security.ubuntu.com/ubuntu jammy-security/main amd64 libglib2.0-bin amd64 2.72.4-0ubuntu2.5 [81.2 kB]
==> build-multinube-aws-do.digitalocean.node_plus_do: Get:51 http://security.ubuntu.com/ubuntu jammy-security/main amd64 libglib2.0-0 amd64 2.72.4-0ubuntu2.5 [1466 kB]
==> build-multinube-aws-do.digitalocean.node_plus_do: Get:52 http://security.ubuntu.com/ubuntu jammy-security/main amd64 libxml2 amd64 2.9.13+dfsg-1ubuntu0.10 [764 kB]
==> build-multinube-aws-do.digitalocean.node_plus_do: Get:53 http://security.ubuntu.com/ubuntu jammy-security/main amd64 open-vm-tools amd64 2:12.3.5-3~ubuntu0.22.04.3 [747 kB]
==> build-multinube-aws-do.digitalocean.node_plus_do: Get:54 http://security.ubuntu.com/ubuntu jammy-security/main amd64 gpg-wks-client amd64 2.2.27-3ubuntu2.4 [62.7 kB]
==> build-multinube-aws-do.digitalocean.node_plus_do: Get:55 http://security.ubuntu.com/ubuntu jammy-security/main amd64 dirmngr amd64 2.2.27-3ubuntu2.4 [293 kB]
==> build-multinube-aws-do.digitalocean.node_plus_do: Get:56 http://security.ubuntu.com/ubuntu jammy-security/main amd64 gpg-wks-server amd64 2.2.27-3ubuntu2.4 [57.5 kB]
==> build-multinube-aws-do.digitalocean.node_plus_do: Get:57 http://security.ubuntu.com/ubuntu jammy-security/main amd64 gnupg-utils amd64 2.2.27-3ubuntu2.4 [309 kB]
==> build-multinube-aws-do.digitalocean.node_plus_do: Get:58 http://security.ubuntu.com/ubuntu jammy-security/main amd64 gpg-agent amd64 2.2.27-3ubuntu2.4 [209 kB]
==> build-multinube-aws-do.digitalocean.node_plus_do: Get:59 http://security.ubuntu.com/ubuntu jammy-security/main amd64 gpg amd64 2.2.27-3ubuntu2.4 [518 kB]
==> build-multinube-aws-do.digitalocean.node_plus_do: Get:60 http://security.ubuntu.com/ubuntu jammy-security/main amd64 gpgconf amd64 2.2.27-3ubuntu2.4 [94.5 kB]
==> build-multinube-aws-do.digitalocean.node_plus_do: Get:61 http://security.ubuntu.com/ubuntu jammy-security/main amd64 gnupg-l10n all 2.2.27-3ubuntu2.4 [54.7 kB]
==> build-multinube-aws-do.digitalocean.node_plus_do: Get:62 http://security.ubuntu.com/ubuntu jammy-security/main amd64 gnupg all 2.2.27-3ubuntu2.4 [315 kB]
==> build-multinube-aws-do.digitalocean.node_plus_do: Get:63 http://security.ubuntu.com/ubuntu jammy-security/main amd64 gpgsm amd64 2.2.27-3ubuntu2.4 [197 kB]
==> build-multinube-aws-do.digitalocean.node_plus_do: Get:64 http://security.ubuntu.com/ubuntu jammy-security/main amd64 gpgv amd64 2.2.27-3ubuntu2.4 [137 kB]
==> build-multinube-aws-do.digitalocean.node_plus_do: Get:65 http://security.ubuntu.com/ubuntu jammy-security/main amd64 openssl amd64 3.0.2-0ubuntu1.20 [1185 kB]
==> build-multinube-aws-do.digitalocean.node_plus_do: Get:66 http://security.ubuntu.com/ubuntu jammy-security/main amd64 ca-certificates all 20240203~22.04.1 [162 kB]
==> build-multinube-aws-do.digitalocean.node_plus_do: Get:67 http://security.ubuntu.com/ubuntu jammy-security/main amd64 libpam-cap amd64 1:2.44-1ubuntu0.22.04.2 [7930 B]
==> build-multinube-aws-do.digitalocean.node_plus_do: Get:68 http://security.ubuntu.com/ubuntu jammy-security/main amd64 libcap2-bin amd64 1:2.44-1ubuntu0.22.04.2 [26.0 kB]
==> build-multinube-aws-do.digitalocean.node_plus_do: Get:69 http://security.ubuntu.com/ubuntu jammy-security/main amd64 iputils-ping amd64 3:20211215-1ubuntu0.1 [43.0 kB]
==> build-multinube-aws-do.digitalocean.node_plus_do: Get:70 http://security.ubuntu.com/ubuntu jammy-security/main amd64 locales all 2.35-0ubuntu3.11 [4247 kB]
==> build-multinube-aws-do.digitalocean.node_plus_do: Get:71 http://security.ubuntu.com/ubuntu jammy-security/main amd64 python3-setuptools all 59.6.0-1.2ubuntu0.22.04.3 [340 kB]
==> build-multinube-aws-do.digitalocean.node_plus_do: Get:72 http://security.ubuntu.com/ubuntu jammy-security/main amd64 python3-pkg-resources all 59.6.0-1.2ubuntu0.22.04.3 [133 kB]
==> build-multinube-aws-do.digitalocean.node_plus_do: Get:73 http://security.ubuntu.com/ubuntu jammy-security/main amd64 sudo amd64 1.9.9-1ubuntu2.5 [820 kB]
==> build-multinube-aws-do.digitalocean.node_plus_do: Get:74 http://security.ubuntu.com/ubuntu jammy-security/main amd64 tzdata all 2025b-0ubuntu0.22.04.1 [347 kB]
==> build-multinube-aws-do.digitalocean.node_plus_do: Get:75 http://security.ubuntu.com/ubuntu jammy-security/main amd64 vim amd64 2:8.2.3995-1ubuntu2.24 [1728 kB]
==> build-multinube-aws-do.digitalocean.node_plus_do: Get:76 http://security.ubuntu.com/ubuntu jammy-security/main amd64 vim-tiny amd64 2:8.2.3995-1ubuntu2.24 [707 kB]
==> build-multinube-aws-do.digitalocean.node_plus_do: Get:77 http://security.ubuntu.com/ubuntu jammy-security/main amd64 vim-runtime all 2:8.2.3995-1ubuntu2.24 [6833 kB]
==> build-multinube-aws-do.digitalocean.node_plus_do: Get:78 http://security.ubuntu.com/ubuntu jammy-security/main amd64 xxd amd64 2:8.2.3995-1ubuntu2.24 [51.4 kB]
==> build-multinube-aws-do.digitalocean.node_plus_do: Get:79 http://security.ubuntu.com/ubuntu jammy-security/main amd64 vim-common all 2:8.2.3995-1ubuntu2.24 [81.5 kB]
==> build-multinube-aws-do.digitalocean.node_plus_do: Get:80 http://security.ubuntu.com/ubuntu jammy-security/main amd64 apparmor amd64 3.0.4-2ubuntu2.4 [598 kB]
==> build-multinube-aws-do.digitalocean.node_plus_do: Get:81 http://security.ubuntu.com/ubuntu jammy-security/main amd64 bind9-dnsutils amd64 1:9.18.39-0ubuntu0.22.04.2 [158 kB]
==> build-multinube-aws-do.digitalocean.node_plus_do: Get:82 http://security.ubuntu.com/ubuntu jammy-security/main amd64 bind9-host amd64 1:9.18.39-0ubuntu0.22.04.2 [52.5 kB]
==> build-multinube-aws-do.digitalocean.node_plus_do: Get:83 http://security.ubuntu.com/ubuntu jammy-security/main amd64 bind9-libs amd64 1:9.18.39-0ubuntu0.22.04.2 [1262 kB]
==> build-multinube-aws-do.digitalocean.node_plus_do: Get:84 http://security.ubuntu.com/ubuntu jammy-security/main amd64 busybox-static amd64 1:1.30.1-7ubuntu3.1 [1019 kB]
==> build-multinube-aws-do.digitalocean.node_plus_do: Get:85 http://security.ubuntu.com/ubuntu jammy-security/main amd64 iputils-tracepath amd64 3:20211215-1ubuntu0.1 [14.2 kB]
==> build-multinube-aws-do.digitalocean.node_plus_do: Get:86 http://security.ubuntu.com/ubuntu jammy-security/main amd64 nano amd64 6.2-1ubuntu0.1 [280 kB]
==> build-multinube-aws-do.digitalocean.node_plus_do: Get:87 http://security.ubuntu.com/ubuntu jammy-security/main amd64 python3-problem-report all 2.20.11-0ubuntu82.10 [11.4 kB]
==> build-multinube-aws-do.digitalocean.node_plus_do: Get:88 http://security.ubuntu.com/ubuntu jammy-security/main amd64 python3-apport all 2.20.11-0ubuntu82.10 [89.0 kB]
==> build-multinube-aws-do.digitalocean.node_plus_do: Get:89 http://security.ubuntu.com/ubuntu jammy-security/main amd64 apport all 2.20.11-0ubuntu82.10 [135 kB]
==> build-multinube-aws-do.digitalocean.node_plus_do: Get:90 http://security.ubuntu.com/ubuntu jammy-security/main amd64 libctf0 amd64 2.38-4ubuntu2.10 [103 kB]
==> build-multinube-aws-do.digitalocean.node_plus_do: Get:91 http://security.ubuntu.com/ubuntu jammy-security/main amd64 libctf-nobfd0 amd64 2.38-4ubuntu2.10 [108 kB]
==> build-multinube-aws-do.digitalocean.node_plus_do: Get:92 http://security.ubuntu.com/ubuntu jammy-security/main amd64 binutils-x86-64-linux-gnu amd64 2.38-4ubuntu2.10 [2324 kB]
==> build-multinube-aws-do.digitalocean.node_plus_do: Get:93 http://security.ubuntu.com/ubuntu jammy-security/main amd64 libbinutils amd64 2.38-4ubuntu2.10 [658 kB]
==> build-multinube-aws-do.digitalocean.node_plus_do: Get:94 http://security.ubuntu.com/ubuntu jammy-security/main amd64 binutils amd64 2.38-4ubuntu2.10 [3198 B]
==> build-multinube-aws-do.digitalocean.node_plus_do: Get:95 http://security.ubuntu.com/ubuntu jammy-security/main amd64 binutils-common amd64 2.38-4ubuntu2.10 [223 kB]
==> build-multinube-aws-do.digitalocean.node_plus_do: Get:96 http://security.ubuntu.com/ubuntu jammy-security/main amd64 busybox-initramfs amd64 1:1.30.1-7ubuntu3.1 [177 kB]
==> build-multinube-aws-do.digitalocean.node_plus_do: Get:97 http://security.ubuntu.com/ubuntu jammy-security/main amd64 curl amd64 7.81.0-1ubuntu1.21 [194 kB]
==> build-multinube-aws-do.digitalocean.node_plus_do: Get:98 http://security.ubuntu.com/ubuntu jammy-security/main amd64 libcurl4 amd64 7.81.0-1ubuntu1.21 [290 kB]
==> build-multinube-aws-do.digitalocean.node_plus_do: Get:99 http://security.ubuntu.com/ubuntu jammy-security/main amd64 libarchive13 amd64 3.6.0-1ubuntu1.5 [368 kB]
==> build-multinube-aws-do.digitalocean.node_plus_do: Get:100 http://security.ubuntu.com/ubuntu jammy-security/main amd64 libblockdev-utils2 amd64 2.26-1ubuntu0.1 [16.6 kB]
==> build-multinube-aws-do.digitalocean.node_plus_do: Get:101 http://security.ubuntu.com/ubuntu jammy-security/main amd64 libblockdev-crypto2 amd64 2.26-1ubuntu0.1 [18.2 kB]
==> build-multinube-aws-do.digitalocean.node_plus_do: Get:102 http://security.ubuntu.com/ubuntu jammy-security/main amd64 libblockdev-part-err2 amd64 2.26-1ubuntu0.1 [5828 B]
==> build-multinube-aws-do.digitalocean.node_plus_do: Get:103 http://security.ubuntu.com/ubuntu jammy-security/main amd64 libblockdev-fs2 amd64 2.26-1ubuntu0.1 [21.8 kB]
==> build-multinube-aws-do.digitalocean.node_plus_do: Get:104 http://security.ubuntu.com/ubuntu jammy-security/main amd64 libblockdev-loop2 amd64 2.26-1ubuntu0.1 [6974 B]
==> build-multinube-aws-do.digitalocean.node_plus_do: Get:105 http://security.ubuntu.com/ubuntu jammy-security/main amd64 libblockdev-part2 amd64 2.26-1ubuntu0.1 [15.7 kB]
==> build-multinube-aws-do.digitalocean.node_plus_do: Get:106 http://security.ubuntu.com/ubuntu jammy-security/main amd64 libblockdev-swap2 amd64 2.26-1ubuntu0.1 [7502 B]
==> build-multinube-aws-do.digitalocean.node_plus_do: Get:107 http://security.ubuntu.com/ubuntu jammy-security/main amd64 libblockdev2 amd64 2.26-1ubuntu0.1 [42.9 kB]
==> build-multinube-aws-do.digitalocean.node_plus_do: Get:108 http://security.ubuntu.com/ubuntu jammy-security/main amd64 libfreetype6 amd64 2.11.1+dfsg-1ubuntu0.3 [388 kB]
==> build-multinube-aws-do.digitalocean.node_plus_do: Get:109 http://security.ubuntu.com/ubuntu jammy-security/main amd64 libgstreamer1.0-0 amd64 1.20.3-0ubuntu1.1 [984 kB]
==> build-multinube-aws-do.digitalocean.node_plus_do: Get:110 http://security.ubuntu.com/ubuntu jammy-security/main amd64 libmodule-scandeps-perl all 1.31-1ubuntu0.1 [30.7 kB]
==> build-multinube-aws-do.digitalocean.node_plus_do: Get:111 http://security.ubuntu.com/ubuntu jammy-security/main amd64 libudisks2-0 amd64 2.9.4-1ubuntu2.3 [167 kB]
==> build-multinube-aws-do.digitalocean.node_plus_do: Get:112 http://security.ubuntu.com/ubuntu jammy-security/main amd64 libxslt1.1 amd64 1.1.34-4ubuntu0.22.04.4 [165 kB]
==> build-multinube-aws-do.digitalocean.node_plus_do: Get:113 http://security.ubuntu.com/ubuntu jammy-security/main amd64 needrestart all 3.5-5ubuntu2.4 [45.2 kB]
==> build-multinube-aws-do.digitalocean.node_plus_do: Get:114 http://security.ubuntu.com/ubuntu jammy-security/main amd64 python3-configobj all 5.0.6-5ubuntu0.1 [34.9 kB]
==> build-multinube-aws-do.digitalocean.node_plus_do: Get:115 http://security.ubuntu.com/ubuntu jammy-security/main amd64 python3-jinja2 all 3.0.3-1ubuntu0.4 [108 kB]
==> build-multinube-aws-do.digitalocean.node_plus_do: Get:116 http://security.ubuntu.com/ubuntu jammy-security/main amd64 python3-urllib3 all 1.26.5-1~exp1ubuntu0.3 [98.6 kB]
==> build-multinube-aws-do.digitalocean.node_plus_do: Get:117 http://security.ubuntu.com/ubuntu jammy-security/main amd64 python3-requests all 2.25.1+dfsg-2ubuntu0.3 [48.8 kB]
==> build-multinube-aws-do.digitalocean.node_plus_do: Get:118 http://security.ubuntu.com/ubuntu jammy-security/main amd64 python3-twisted all 22.1.0-2ubuntu2.6 [2007 kB]
==> build-multinube-aws-do.digitalocean.node_plus_do: Get:119 http://security.ubuntu.com/ubuntu jammy-security/main amd64 python3-zipp all 1.0.0-3ubuntu0.1 [6288 B]
==> build-multinube-aws-do.digitalocean.node_plus_do: Get:120 http://security.ubuntu.com/ubuntu jammy-security/main amd64 shim-signed amd64 1.51.4+15.8-0ubuntu1 [668 kB]
==> build-multinube-aws-do.digitalocean.node_plus_do: Get:121 http://security.ubuntu.com/ubuntu jammy-security/main amd64 snapd amd64 2.63+22.04ubuntu0.1 [25.9 MB]
==> build-multinube-aws-do.digitalocean.node_plus_do: Get:122 http://security.ubuntu.com/ubuntu jammy-security/main amd64 cloud-init all 25.1.4-0ubuntu0~22.04.1 [569 kB]
==> build-multinube-aws-do.digitalocean.node_plus_do: Get:123 http://security.ubuntu.com/ubuntu jammy-security/universe amd64 gnupg2 all 2.2.27-3ubuntu2.4 [5544 B]
==> build-multinube-aws-do.digitalocean.node_plus_do: debconf: unable to initialize frontend: Dialog
==> build-multinube-aws-do.digitalocean.node_plus_do: debconf: (Dialog frontend will not work on a dumb terminal, an emacs shell buffer, or without a controlling terminal.)
==> build-multinube-aws-do.digitalocean.node_plus_do: debconf: falling back to frontend: Readline
==> build-multinube-aws-do.digitalocean.node_plus_do: debconf: unable to initialize frontend: Readline
==> build-multinube-aws-do.digitalocean.node_plus_do: debconf: (This frontend requires a controlling tty.)
==> build-multinube-aws-do.digitalocean.node_plus_do: debconf: falling back to frontend: Teletype
==> build-multinube-aws-do.digitalocean.node_plus_do: dpkg-preconfigure: unable to re-open stdin:
==> build-multinube-aws-do.digitalocean.node_plus_do: Fetched 103 MB in 8s (13.7 MB/s)
==> build-multinube-aws-do.digitalocean.node_plus_do: (Reading database ... 64385 files and directories currently installed.)
==> build-multinube-aws-do.digitalocean.node_plus_do: Preparing to unpack .../dpkg_1.21.1ubuntu2.6_amd64.deb ...
==> build-multinube-aws-do.digitalocean.node_plus_do: Unpacking dpkg (1.21.1ubuntu2.6) over (1.21.1ubuntu2.3) ...
==> build-multinube-aws-do.digitalocean.node_plus_do: Setting up dpkg (1.21.1ubuntu2.6) ...
==> build-multinube-aws-do.digitalocean.node_plus_do: dpkg-db-backup.service is a disabled or a static unit not running, not starting it.
==> build-multinube-aws-do.digitalocean.node_plus_do: (Reading database ... 64385 files and directories currently installed.)
==> build-multinube-aws-do.digitalocean.node_plus_do: Preparing to unpack .../libperl5.34_5.34.0-3ubuntu1.5_amd64.deb ...
==> build-multinube-aws-do.digitalocean.node_plus_do: Unpacking libperl5.34:amd64 (5.34.0-3ubuntu1.5) over (5.34.0-3ubuntu1.3) ...
==> build-multinube-aws-do.digitalocean.node_plus_do: Preparing to unpack .../perl_5.34.0-3ubuntu1.5_amd64.deb ...
==> build-multinube-aws-do.digitalocean.node_plus_do: Unpacking perl (5.34.0-3ubuntu1.5) over (5.34.0-3ubuntu1.3) ...
==> build-multinube-aws-do.digitalocean.node_plus_do: Preparing to unpack .../perl-base_5.34.0-3ubuntu1.5_amd64.deb ...
==> build-multinube-aws-do.digitalocean.node_plus_do: Unpacking perl-base (5.34.0-3ubuntu1.5) over (5.34.0-3ubuntu1.3) ...
==> build-multinube-aws-do.digitalocean.node_plus_do: Setting up perl-base (5.34.0-3ubuntu1.5) ...
==> build-multinube-aws-do.digitalocean.node_plus_do: (Reading database ... 64385 files and directories currently installed.)
==> build-multinube-aws-do.digitalocean.node_plus_do: Preparing to unpack .../perl-modules-5.34_5.34.0-3ubuntu1.5_all.deb ...
==> build-multinube-aws-do.digitalocean.node_plus_do: Unpacking perl-modules-5.34 (5.34.0-3ubuntu1.5) over (5.34.0-3ubuntu1.3) ...
==> build-multinube-aws-do.digitalocean.node_plus_do: Preparing to unpack .../gcc-12-base_12.3.0-1ubuntu1~22.04.2_amd64.deb ...
==> build-multinube-aws-do.digitalocean.node_plus_do: Unpacking gcc-12-base:amd64 (12.3.0-1ubuntu1~22.04.2) over (12.3.0-1ubuntu1~22.04) ...
==> build-multinube-aws-do.digitalocean.node_plus_do: Setting up gcc-12-base:amd64 (12.3.0-1ubuntu1~22.04.2) ...
==> build-multinube-aws-do.digitalocean.node_plus_do: (Reading database ... 64385 files and directories currently installed.)
==> build-multinube-aws-do.digitalocean.node_plus_do: Preparing to unpack .../libgcc-s1_12.3.0-1ubuntu1~22.04.2_amd64.deb ...
==> build-multinube-aws-do.digitalocean.node_plus_do: Unpacking libgcc-s1:amd64 (12.3.0-1ubuntu1~22.04.2) over (12.3.0-1ubuntu1~22.04) ...
==> build-multinube-aws-do.digitalocean.node_plus_do: Setting up libgcc-s1:amd64 (12.3.0-1ubuntu1~22.04.2) ...
==> build-multinube-aws-do.digitalocean.node_plus_do: (Reading database ... 64385 files and directories currently installed.)
==> build-multinube-aws-do.digitalocean.node_plus_do: Preparing to unpack .../libstdc++6_12.3.0-1ubuntu1~22.04.2_amd64.deb ...
==> build-multinube-aws-do.digitalocean.node_plus_do: Unpacking libstdc++6:amd64 (12.3.0-1ubuntu1~22.04.2) over (12.3.0-1ubuntu1~22.04) ...
==> build-multinube-aws-do.digitalocean.node_plus_do: Setting up libstdc++6:amd64 (12.3.0-1ubuntu1~22.04.2) ...
==> build-multinube-aws-do.digitalocean.node_plus_do: (Reading database ... 64385 files and directories currently installed.)
==> build-multinube-aws-do.digitalocean.node_plus_do: Preparing to unpack .../libc6_2.35-0ubuntu3.11_amd64.deb ...
==> build-multinube-aws-do.digitalocean.node_plus_do: debconf: unable to initialize frontend: Dialog
==> build-multinube-aws-do.digitalocean.node_plus_do: debconf: (Dialog frontend will not work on a dumb terminal, an emacs shell buffer, or without a controlling terminal.)
==> build-multinube-aws-do.digitalocean.node_plus_do: debconf: falling back to frontend: Readline
==> build-multinube-aws-do.digitalocean.node_plus_do: Unpacking libc6:amd64 (2.35-0ubuntu3.11) over (2.35-0ubuntu3.8) ...
==> build-multinube-aws-do.digitalocean.node_plus_do: Setting up libc6:amd64 (2.35-0ubuntu3.11) ...
==> build-multinube-aws-do.digitalocean.node_plus_do: debconf: unable to initialize frontend: Dialog
==> build-multinube-aws-do.digitalocean.node_plus_do: debconf: (Dialog frontend will not work on a dumb terminal, an emacs shell buffer, or without a controlling terminal.)
==> build-multinube-aws-do.digitalocean.node_plus_do: debconf: falling back to frontend: Readline
==> build-multinube-aws-do.digitalocean.node_plus_do: (Reading database ... 64385 files and directories currently installed.)
==> build-multinube-aws-do.digitalocean.node_plus_do: Preparing to unpack .../libc-bin_2.35-0ubuntu3.11_amd64.deb ...
==> build-multinube-aws-do.digitalocean.node_plus_do: Unpacking libc-bin (2.35-0ubuntu3.11) over (2.35-0ubuntu3.8) ...
==> build-multinube-aws-do.digitalocean.node_plus_do: Setting up libc-bin (2.35-0ubuntu3.11) ...
==> build-multinube-aws-do.digitalocean.node_plus_do: (Reading database ... 64385 files and directories currently installed.)
==> build-multinube-aws-do.digitalocean.node_plus_do: Preparing to unpack .../libpam0g_1.4.0-11ubuntu2.6_amd64.deb ...
==> build-multinube-aws-do.digitalocean.node_plus_do: Unpacking libpam0g:amd64 (1.4.0-11ubuntu2.6) over (1.4.0-11ubuntu2.4) ...
==> build-multinube-aws-do.digitalocean.node_plus_do: Setting up libpam0g:amd64 (1.4.0-11ubuntu2.6) ...
==> build-multinube-aws-do.digitalocean.node_plus_do: debconf: unable to initialize frontend: Dialog
==> build-multinube-aws-do.digitalocean.node_plus_do: debconf: (Dialog frontend will not work on a dumb terminal, an emacs shell buffer, or without a controlling terminal.)
==> build-multinube-aws-do.digitalocean.node_plus_do: debconf: falling back to frontend: Readline
==> build-multinube-aws-do.digitalocean.node_plus_do: (Reading database ... 64385 files and directories currently installed.)
==> build-multinube-aws-do.digitalocean.node_plus_do: Preparing to unpack .../libpam-modules-bin_1.4.0-11ubuntu2.6_amd64.deb ...
==> build-multinube-aws-do.digitalocean.node_plus_do: Unpacking libpam-modules-bin (1.4.0-11ubuntu2.6) over (1.4.0-11ubuntu2.4) ...
==> build-multinube-aws-do.digitalocean.node_plus_do: Setting up libpam-modules-bin (1.4.0-11ubuntu2.6) ...
==> build-multinube-aws-do.digitalocean.node_plus_do: (Reading database ... 64385 files and directories currently installed.)
==> build-multinube-aws-do.digitalocean.node_plus_do: Preparing to unpack .../libpam-modules_1.4.0-11ubuntu2.6_amd64.deb ...
==> build-multinube-aws-do.digitalocean.node_plus_do: debconf: unable to initialize frontend: Dialog
==> build-multinube-aws-do.digitalocean.node_plus_do: debconf: (Dialog frontend will not work on a dumb terminal, an emacs shell buffer, or without a controlling terminal.)
==> build-multinube-aws-do.digitalocean.node_plus_do: debconf: falling back to frontend: Readline
==> build-multinube-aws-do.digitalocean.node_plus_do: Unpacking libpam-modules:amd64 (1.4.0-11ubuntu2.6) over (1.4.0-11ubuntu2.4) ...
==> build-multinube-aws-do.digitalocean.node_plus_do: Setting up libpam-modules:amd64 (1.4.0-11ubuntu2.6) ...
==> build-multinube-aws-do.digitalocean.node_plus_do: Installing new version of config file /etc/security/namespace.init ...
==> build-multinube-aws-do.digitalocean.node_plus_do: (Reading database ... 64385 files and directories currently installed.)
==> build-multinube-aws-do.digitalocean.node_plus_do: Preparing to unpack .../libsystemd0_249.11-0ubuntu3.16_amd64.deb ...
==> build-multinube-aws-do.digitalocean.node_plus_do: Unpacking libsystemd0:amd64 (249.11-0ubuntu3.16) over (249.11-0ubuntu3.12) ...
==> build-multinube-aws-do.digitalocean.node_plus_do: Setting up libsystemd0:amd64 (249.11-0ubuntu3.16) ...
==> build-multinube-aws-do.digitalocean.node_plus_do: (Reading database ... 64385 files and directories currently installed.)
==> build-multinube-aws-do.digitalocean.node_plus_do: Preparing to unpack .../0-systemd-timesyncd_249.11-0ubuntu3.16_amd64.deb ...
==> build-multinube-aws-do.digitalocean.node_plus_do: Unpacking systemd-timesyncd (249.11-0ubuntu3.16) over (249.11-0ubuntu3.12) ...
==> build-multinube-aws-do.digitalocean.node_plus_do: Preparing to unpack .../1-systemd-sysv_249.11-0ubuntu3.16_amd64.deb ...
==> build-multinube-aws-do.digitalocean.node_plus_do: Unpacking systemd-sysv (249.11-0ubuntu3.16) over (249.11-0ubuntu3.12) ...
==> build-multinube-aws-do.digitalocean.node_plus_do: Preparing to unpack .../2-libnss-systemd_249.11-0ubuntu3.16_amd64.deb ...
==> build-multinube-aws-do.digitalocean.node_plus_do: Unpacking libnss-systemd:amd64 (249.11-0ubuntu3.16) over (249.11-0ubuntu3.12) ...
==> build-multinube-aws-do.digitalocean.node_plus_do: Preparing to unpack .../3-libpam-systemd_249.11-0ubuntu3.16_amd64.deb ...
==> build-multinube-aws-do.digitalocean.node_plus_do: Unpacking libpam-systemd:amd64 (249.11-0ubuntu3.16) over (249.11-0ubuntu3.12) ...
==> build-multinube-aws-do.digitalocean.node_plus_do: Preparing to unpack .../4-systemd_249.11-0ubuntu3.16_amd64.deb ...
==> build-multinube-aws-do.digitalocean.node_plus_do: Unpacking systemd (249.11-0ubuntu3.16) over (249.11-0ubuntu3.12) ...
==> build-multinube-aws-do.digitalocean.node_plus_do: Preparing to unpack .../5-udev_249.11-0ubuntu3.16_amd64.deb ...
==> build-multinube-aws-do.digitalocean.node_plus_do: Unpacking udev (249.11-0ubuntu3.16) over (249.11-0ubuntu3.12) ...
==> build-multinube-aws-do.digitalocean.node_plus_do: Preparing to unpack .../6-libudev1_249.11-0ubuntu3.16_amd64.deb ...
==> build-multinube-aws-do.digitalocean.node_plus_do: Unpacking libudev1:amd64 (249.11-0ubuntu3.16) over (249.11-0ubuntu3.12) ...
==> build-multinube-aws-do.digitalocean.node_plus_do: Setting up libudev1:amd64 (249.11-0ubuntu3.16) ...
==> build-multinube-aws-do.digitalocean.node_plus_do: (Reading database ... 64385 files and directories currently installed.)
==> build-multinube-aws-do.digitalocean.node_plus_do: Preparing to unpack .../libcap2_1%3a2.44-1ubuntu0.22.04.2_amd64.deb ...
==> build-multinube-aws-do.digitalocean.node_plus_do: Unpacking libcap2:amd64 (1:2.44-1ubuntu0.22.04.2) over (1:2.44-1ubuntu0.22.04.1) ...
==> build-multinube-aws-do.digitalocean.node_plus_do: Setting up libcap2:amd64 (1:2.44-1ubuntu0.22.04.2) ...
==> build-multinube-aws-do.digitalocean.node_plus_do: (Reading database ... 64385 files and directories currently installed.)
==> build-multinube-aws-do.digitalocean.node_plus_do: Preparing to unpack .../libpam-runtime_1.4.0-11ubuntu2.6_all.deb ...
==> build-multinube-aws-do.digitalocean.node_plus_do: Unpacking libpam-runtime (1.4.0-11ubuntu2.6) over (1.4.0-11ubuntu2.4) ...
==> build-multinube-aws-do.digitalocean.node_plus_do: Setting up libpam-runtime (1.4.0-11ubuntu2.6) ...
==> build-multinube-aws-do.digitalocean.node_plus_do: debconf: unable to initialize frontend: Dialog
==> build-multinube-aws-do.digitalocean.node_plus_do: debconf: (Dialog frontend will not work on a dumb terminal, an emacs shell buffer, or without a controlling terminal.)
==> build-multinube-aws-do.digitalocean.node_plus_do: debconf: falling back to frontend: Readline
==> build-multinube-aws-do.digitalocean.node_plus_do: (Reading database ... 64385 files and directories currently installed.)
==> build-multinube-aws-do.digitalocean.node_plus_do: Preparing to unpack .../libapparmor1_3.0.4-2ubuntu2.4_amd64.deb ...
==> build-multinube-aws-do.digitalocean.node_plus_do: Unpacking libapparmor1:amd64 (3.0.4-2ubuntu2.4) over (3.0.4-2ubuntu2.3) ...
==> build-multinube-aws-do.digitalocean.node_plus_do: Preparing to unpack .../libtasn1-6_4.18.0-4ubuntu0.1_amd64.deb ...
==> build-multinube-aws-do.digitalocean.node_plus_do: Unpacking libtasn1-6:amd64 (4.18.0-4ubuntu0.1) over (4.18.0-4build1) ...
==> build-multinube-aws-do.digitalocean.node_plus_do: Setting up libtasn1-6:amd64 (4.18.0-4ubuntu0.1) ...
==> build-multinube-aws-do.digitalocean.node_plus_do: (Reading database ... 64385 files and directories currently installed.)
==> build-multinube-aws-do.digitalocean.node_plus_do: Preparing to unpack .../libgnutls30_3.7.3-4ubuntu1.7_amd64.deb ...
==> build-multinube-aws-do.digitalocean.node_plus_do: Unpacking libgnutls30:amd64 (3.7.3-4ubuntu1.7) over (3.7.3-4ubuntu1.5) ...
==> build-multinube-aws-do.digitalocean.node_plus_do: Setting up libgnutls30:amd64 (3.7.3-4ubuntu1.7) ...
==> build-multinube-aws-do.digitalocean.node_plus_do: (Reading database ... 64385 files and directories currently installed.)
==> build-multinube-aws-do.digitalocean.node_plus_do: Preparing to unpack .../libssl3_3.0.2-0ubuntu1.20_amd64.deb ...
==> build-multinube-aws-do.digitalocean.node_plus_do: Unpacking libssl3:amd64 (3.0.2-0ubuntu1.20) over (3.0.2-0ubuntu1.16) ...
==> build-multinube-aws-do.digitalocean.node_plus_do: Setting up libssl3:amd64 (3.0.2-0ubuntu1.20) ...
==> build-multinube-aws-do.digitalocean.node_plus_do: debconf: unable to initialize frontend: Dialog
==> build-multinube-aws-do.digitalocean.node_plus_do: debconf: (Dialog frontend will not work on a dumb terminal, an emacs shell buffer, or without a controlling terminal.)
==> build-multinube-aws-do.digitalocean.node_plus_do: debconf: falling back to frontend: Readline
==> build-multinube-aws-do.digitalocean.node_plus_do: (Reading database ... 64385 files and directories currently installed.)
==> build-multinube-aws-do.digitalocean.node_plus_do: Preparing to unpack .../0-libexpat1_2.4.7-1ubuntu0.6_amd64.deb ...
==> build-multinube-aws-do.digitalocean.node_plus_do: Unpacking libexpat1:amd64 (2.4.7-1ubuntu0.6) over (2.4.7-1ubuntu0.3) ...
==> build-multinube-aws-do.digitalocean.node_plus_do: Preparing to unpack .../1-libpython3.10_3.10.12-1~22.04.12_amd64.deb ...
==> build-multinube-aws-do.digitalocean.node_plus_do: Unpacking libpython3.10:amd64 (3.10.12-1~22.04.12) over (3.10.12-1~22.04.3) ...
==> build-multinube-aws-do.digitalocean.node_plus_do: Preparing to unpack .../2-python3.10_3.10.12-1~22.04.12_amd64.deb ...
==> build-multinube-aws-do.digitalocean.node_plus_do: Unpacking python3.10 (3.10.12-1~22.04.12) over (3.10.12-1~22.04.3) ...
==> build-multinube-aws-do.digitalocean.node_plus_do: Preparing to unpack .../3-libpython3.10-stdlib_3.10.12-1~22.04.12_amd64.deb ...
==> build-multinube-aws-do.digitalocean.node_plus_do: Unpacking libpython3.10-stdlib:amd64 (3.10.12-1~22.04.12) over (3.10.12-1~22.04.3) ...
==> build-multinube-aws-do.digitalocean.node_plus_do: Preparing to unpack .../4-python3.10-minimal_3.10.12-1~22.04.12_amd64.deb ...
==> build-multinube-aws-do.digitalocean.node_plus_do: Unpacking python3.10-minimal (3.10.12-1~22.04.12) over (3.10.12-1~22.04.3) ...
==> build-multinube-aws-do.digitalocean.node_plus_do: Preparing to unpack .../5-libpython3.10-minimal_3.10.12-1~22.04.12_amd64.deb ...
==> build-multinube-aws-do.digitalocean.node_plus_do: Unpacking libpython3.10-minimal:amd64 (3.10.12-1~22.04.12) over (3.10.12-1~22.04.3) ...
==> build-multinube-aws-do.digitalocean.node_plus_do: Preparing to unpack .../6-libsqlite3-0_3.37.2-2ubuntu0.5_amd64.deb ...
==> build-multinube-aws-do.digitalocean.node_plus_do: Unpacking libsqlite3-0:amd64 (3.37.2-2ubuntu0.5) over (3.37.2-2ubuntu0.3) ...
==> build-multinube-aws-do.digitalocean.node_plus_do: Preparing to unpack .../7-rsync_3.2.7-0ubuntu0.22.04.4_amd64.deb ...
==> build-multinube-aws-do.digitalocean.node_plus_do: Unpacking rsync (3.2.7-0ubuntu0.22.04.4) over (3.2.7-0ubuntu0.22.04.2) ...
==> build-multinube-aws-do.digitalocean.node_plus_do: Preparing to unpack .../8-libk5crypto3_1.19.2-2ubuntu0.7_amd64.deb ...
==> build-multinube-aws-do.digitalocean.node_plus_do: Unpacking libk5crypto3:amd64 (1.19.2-2ubuntu0.7) over (1.19.2-2ubuntu0.3) ...
==> build-multinube-aws-do.digitalocean.node_plus_do: Setting up libk5crypto3:amd64 (1.19.2-2ubuntu0.7) ...
==> build-multinube-aws-do.digitalocean.node_plus_do: (Reading database ... 64385 files and directories currently installed.)
==> build-multinube-aws-do.digitalocean.node_plus_do: Preparing to unpack .../libkrb5support0_1.19.2-2ubuntu0.7_amd64.deb ...
==> build-multinube-aws-do.digitalocean.node_plus_do: Unpacking libkrb5support0:amd64 (1.19.2-2ubuntu0.7) over (1.19.2-2ubuntu0.3) ...
==> build-multinube-aws-do.digitalocean.node_plus_do: Setting up libkrb5support0:amd64 (1.19.2-2ubuntu0.7) ...
==> build-multinube-aws-do.digitalocean.node_plus_do: (Reading database ... 64385 files and directories currently installed.)
==> build-multinube-aws-do.digitalocean.node_plus_do: Preparing to unpack .../libkrb5-3_1.19.2-2ubuntu0.7_amd64.deb ...
==> build-multinube-aws-do.digitalocean.node_plus_do: Unpacking libkrb5-3:amd64 (1.19.2-2ubuntu0.7) over (1.19.2-2ubuntu0.3) ...
==> build-multinube-aws-do.digitalocean.node_plus_do: Setting up libkrb5-3:amd64 (1.19.2-2ubuntu0.7) ...
==> build-multinube-aws-do.digitalocean.node_plus_do: (Reading database ... 64385 files and directories currently installed.)
==> build-multinube-aws-do.digitalocean.node_plus_do: Preparing to unpack .../libgssapi-krb5-2_1.19.2-2ubuntu0.7_amd64.deb ...
==> build-multinube-aws-do.digitalocean.node_plus_do: Unpacking libgssapi-krb5-2:amd64 (1.19.2-2ubuntu0.7) over (1.19.2-2ubuntu0.3) ...
==> build-multinube-aws-do.digitalocean.node_plus_do: Setting up libgssapi-krb5-2:amd64 (1.19.2-2ubuntu0.7) ...
==> build-multinube-aws-do.digitalocean.node_plus_do: (Reading database ... 64385 files and directories currently installed.)
==> build-multinube-aws-do.digitalocean.node_plus_do: Preparing to unpack .../00-libssh-4_0.9.6-2ubuntu0.22.04.5_amd64.deb ...
==> build-multinube-aws-do.digitalocean.node_plus_do: Unpacking libssh-4:amd64 (0.9.6-2ubuntu0.22.04.5) over (0.9.6-2ubuntu0.22.04.3) ...
==> build-multinube-aws-do.digitalocean.node_plus_do: Preparing to unpack .../01-libcurl3-gnutls_7.81.0-1ubuntu1.21_amd64.deb ...
==> build-multinube-aws-do.digitalocean.node_plus_do: Unpacking libcurl3-gnutls:amd64 (7.81.0-1ubuntu1.21) over (7.81.0-1ubuntu1.16) ...
==> build-multinube-aws-do.digitalocean.node_plus_do: Preparing to unpack .../02-git-man_1%3a2.34.1-1ubuntu1.15_all.deb ...
==> build-multinube-aws-do.digitalocean.node_plus_do: Unpacking git-man (1:2.34.1-1ubuntu1.15) over (1:2.34.1-1ubuntu1.11) ...
==> build-multinube-aws-do.digitalocean.node_plus_do: Preparing to unpack .../03-git_1%3a2.34.1-1ubuntu1.15_amd64.deb ...
==> build-multinube-aws-do.digitalocean.node_plus_do: Unpacking git (1:2.34.1-1ubuntu1.15) over (1:2.34.1-1ubuntu1.11) ...
==> build-multinube-aws-do.digitalocean.node_plus_do: Preparing to unpack .../04-openssh-sftp-server_1%3a8.9p1-3ubuntu0.13_amd64.deb ...
==> build-multinube-aws-do.digitalocean.node_plus_do: Unpacking openssh-sftp-server (1:8.9p1-3ubuntu0.13) over (1:8.9p1-3ubuntu0.10) ...
==> build-multinube-aws-do.digitalocean.node_plus_do: Preparing to unpack .../05-openssh-server_1%3a8.9p1-3ubuntu0.13_amd64.deb ...
==> build-multinube-aws-do.digitalocean.node_plus_do: Unpacking openssh-server (1:8.9p1-3ubuntu0.13) over (1:8.9p1-3ubuntu0.10) ...
==> build-multinube-aws-do.digitalocean.node_plus_do: Preparing to unpack .../06-openssh-client_1%3a8.9p1-3ubuntu0.13_amd64.deb ...
==> build-multinube-aws-do.digitalocean.node_plus_do: Unpacking openssh-client (1:8.9p1-3ubuntu0.13) over (1:8.9p1-3ubuntu0.10) ...
==> build-multinube-aws-do.digitalocean.node_plus_do: Preparing to unpack .../07-libglib2.0-data_2.72.4-0ubuntu2.5_all.deb ...
==> build-multinube-aws-do.digitalocean.node_plus_do: Unpacking libglib2.0-data (2.72.4-0ubuntu2.5) over (2.72.4-0ubuntu2.3) ...
==> build-multinube-aws-do.digitalocean.node_plus_do: Preparing to unpack .../08-libdw1_0.186-1ubuntu0.1_amd64.deb ...
==> build-multinube-aws-do.digitalocean.node_plus_do: Unpacking libdw1:amd64 (0.186-1ubuntu0.1) over (0.186-1build1) ...
==> build-multinube-aws-do.digitalocean.node_plus_do: Preparing to unpack .../09-libelf1_0.186-1ubuntu0.1_amd64.deb ...
==> build-multinube-aws-do.digitalocean.node_plus_do: Unpacking libelf1:amd64 (0.186-1ubuntu0.1) over (0.186-1build1) ...
==> build-multinube-aws-do.digitalocean.node_plus_do: Preparing to unpack .../10-libglib2.0-bin_2.72.4-0ubuntu2.5_amd64.deb ...
==> build-multinube-aws-do.digitalocean.node_plus_do: Unpacking libglib2.0-bin (2.72.4-0ubuntu2.5) over (2.72.4-0ubuntu2.3) ...
==> build-multinube-aws-do.digitalocean.node_plus_do: Preparing to unpack .../11-libglib2.0-0_2.72.4-0ubuntu2.5_amd64.deb ...
==> build-multinube-aws-do.digitalocean.node_plus_do: Unpacking libglib2.0-0:amd64 (2.72.4-0ubuntu2.5) over (2.72.4-0ubuntu2.3) ...
==> build-multinube-aws-do.digitalocean.node_plus_do: Preparing to unpack .../12-libxml2_2.9.13+dfsg-1ubuntu0.10_amd64.deb ...
==> build-multinube-aws-do.digitalocean.node_plus_do: Unpacking libxml2:amd64 (2.9.13+dfsg-1ubuntu0.10) over (2.9.13+dfsg-1ubuntu0.4) ...
==> build-multinube-aws-do.digitalocean.node_plus_do: Preparing to unpack .../13-open-vm-tools_2%3a12.3.5-3~ubuntu0.22.04.3_amd64.deb ...
==> build-multinube-aws-do.digitalocean.node_plus_do: Unpacking open-vm-tools (2:12.3.5-3~ubuntu0.22.04.3) over (2:12.3.5-3~ubuntu0.22.04.1) ...
==> build-multinube-aws-do.digitalocean.node_plus_do: Preparing to unpack .../14-gpg-wks-client_2.2.27-3ubuntu2.4_amd64.deb ...
==> build-multinube-aws-do.digitalocean.node_plus_do: Unpacking gpg-wks-client (2.2.27-3ubuntu2.4) over (2.2.27-3ubuntu2.1) ...
==> build-multinube-aws-do.digitalocean.node_plus_do: Preparing to unpack .../15-dirmngr_2.2.27-3ubuntu2.4_amd64.deb ...
==> build-multinube-aws-do.digitalocean.node_plus_do: Unpacking dirmngr (2.2.27-3ubuntu2.4) over (2.2.27-3ubuntu2.1) ...
==> build-multinube-aws-do.digitalocean.node_plus_do: Preparing to unpack .../16-gpg-wks-server_2.2.27-3ubuntu2.4_amd64.deb ...
==> build-multinube-aws-do.digitalocean.node_plus_do: Unpacking gpg-wks-server (2.2.27-3ubuntu2.4) over (2.2.27-3ubuntu2.1) ...
==> build-multinube-aws-do.digitalocean.node_plus_do: Preparing to unpack .../17-gnupg-utils_2.2.27-3ubuntu2.4_amd64.deb ...
==> build-multinube-aws-do.digitalocean.node_plus_do: Unpacking gnupg-utils (2.2.27-3ubuntu2.4) over (2.2.27-3ubuntu2.1) ...
==> build-multinube-aws-do.digitalocean.node_plus_do: Preparing to unpack .../18-gpg-agent_2.2.27-3ubuntu2.4_amd64.deb ...
==> build-multinube-aws-do.digitalocean.node_plus_do: Unpacking gpg-agent (2.2.27-3ubuntu2.4) over (2.2.27-3ubuntu2.1) ...
==> build-multinube-aws-do.digitalocean.node_plus_do: Preparing to unpack .../19-gpg_2.2.27-3ubuntu2.4_amd64.deb ...
==> build-multinube-aws-do.digitalocean.node_plus_do: Unpacking gpg (2.2.27-3ubuntu2.4) over (2.2.27-3ubuntu2.1) ...
==> build-multinube-aws-do.digitalocean.node_plus_do: Preparing to unpack .../20-gpgconf_2.2.27-3ubuntu2.4_amd64.deb ...
==> build-multinube-aws-do.digitalocean.node_plus_do: Unpacking gpgconf (2.2.27-3ubuntu2.4) over (2.2.27-3ubuntu2.1) ...
==> build-multinube-aws-do.digitalocean.node_plus_do: Preparing to unpack .../21-gnupg-l10n_2.2.27-3ubuntu2.4_all.deb ...
==> build-multinube-aws-do.digitalocean.node_plus_do: Unpacking gnupg-l10n (2.2.27-3ubuntu2.4) over (2.2.27-3ubuntu2.1) ...
==> build-multinube-aws-do.digitalocean.node_plus_do: Preparing to unpack .../22-gnupg_2.2.27-3ubuntu2.4_all.deb ...
==> build-multinube-aws-do.digitalocean.node_plus_do: Unpacking gnupg (2.2.27-3ubuntu2.4) over (2.2.27-3ubuntu2.1) ...
==> build-multinube-aws-do.digitalocean.node_plus_do: Preparing to unpack .../23-gpgsm_2.2.27-3ubuntu2.4_amd64.deb ...
==> build-multinube-aws-do.digitalocean.node_plus_do: Unpacking gpgsm (2.2.27-3ubuntu2.4) over (2.2.27-3ubuntu2.1) ...
==> build-multinube-aws-do.digitalocean.node_plus_do: Preparing to unpack .../24-gpgv_2.2.27-3ubuntu2.4_amd64.deb ...
==> build-multinube-aws-do.digitalocean.node_plus_do: Unpacking gpgv (2.2.27-3ubuntu2.4) over (2.2.27-3ubuntu2.1) ...
==> build-multinube-aws-do.digitalocean.node_plus_do: Setting up gpgv (2.2.27-3ubuntu2.4) ...
==> build-multinube-aws-do.digitalocean.node_plus_do: (Reading database ... 64385 files and directories currently installed.)
==> build-multinube-aws-do.digitalocean.node_plus_do: Preparing to unpack .../00-openssl_3.0.2-0ubuntu1.20_amd64.deb ...
==> build-multinube-aws-do.digitalocean.node_plus_do: Unpacking openssl (3.0.2-0ubuntu1.20) over (3.0.2-0ubuntu1.16) ...
==> build-multinube-aws-do.digitalocean.node_plus_do: Preparing to unpack .../01-ca-certificates_20240203~22.04.1_all.deb ...
==> build-multinube-aws-do.digitalocean.node_plus_do: Unpacking ca-certificates (20240203~22.04.1) over (20230311ubuntu0.22.04.1) ...
==> build-multinube-aws-do.digitalocean.node_plus_do: Preparing to unpack .../02-libpam-cap_1%3a2.44-1ubuntu0.22.04.2_amd64.deb ...
==> build-multinube-aws-do.digitalocean.node_plus_do: debconf: unable to initialize frontend: Dialog
==> build-multinube-aws-do.digitalocean.node_plus_do: debconf: (Dialog frontend will not work on a dumb terminal, an emacs shell buffer, or without a controlling terminal.)
==> build-multinube-aws-do.digitalocean.node_plus_do: debconf: falling back to frontend: Readline
==> build-multinube-aws-do.digitalocean.node_plus_do: Unpacking libpam-cap:amd64 (1:2.44-1ubuntu0.22.04.2) over (1:2.44-1ubuntu0.22.04.1) ...
==> build-multinube-aws-do.digitalocean.node_plus_do: Preparing to unpack .../03-libcap2-bin_1%3a2.44-1ubuntu0.22.04.2_amd64.deb ...
==> build-multinube-aws-do.digitalocean.node_plus_do: Unpacking libcap2-bin (1:2.44-1ubuntu0.22.04.2) over (1:2.44-1ubuntu0.22.04.1) ...
==> build-multinube-aws-do.digitalocean.node_plus_do: Preparing to unpack .../04-iputils-ping_3%3a20211215-1ubuntu0.1_amd64.deb ...
==> build-multinube-aws-do.digitalocean.node_plus_do: Unpacking iputils-ping (3:20211215-1ubuntu0.1) over (3:20211215-1) ...
==> build-multinube-aws-do.digitalocean.node_plus_do: Preparing to unpack .../05-locales_2.35-0ubuntu3.11_all.deb ...
==> build-multinube-aws-do.digitalocean.node_plus_do: Unpacking locales (2.35-0ubuntu3.11) over (2.35-0ubuntu3.8) ...
==> build-multinube-aws-do.digitalocean.node_plus_do: Preparing to unpack .../06-python3-setuptools_59.6.0-1.2ubuntu0.22.04.3_all.deb ...
==> build-multinube-aws-do.digitalocean.node_plus_do: Unpacking python3-setuptools (59.6.0-1.2ubuntu0.22.04.3) over (59.6.0-1.2ubuntu0.22.04.1) ...
==> build-multinube-aws-do.digitalocean.node_plus_do: Preparing to unpack .../07-python3-pkg-resources_59.6.0-1.2ubuntu0.22.04.3_all.deb ...
==> build-multinube-aws-do.digitalocean.node_plus_do: Unpacking python3-pkg-resources (59.6.0-1.2ubuntu0.22.04.3) over (59.6.0-1.2ubuntu0.22.04.1) ...
==> build-multinube-aws-do.digitalocean.node_plus_do: Preparing to unpack .../08-sudo_1.9.9-1ubuntu2.5_amd64.deb ...
==> build-multinube-aws-do.digitalocean.node_plus_do: Unpacking sudo (1.9.9-1ubuntu2.5) over (1.9.9-1ubuntu2.4) ...
==> build-multinube-aws-do.digitalocean.node_plus_do: Preparing to unpack .../09-tzdata_2025b-0ubuntu0.22.04.1_all.deb ...
==> build-multinube-aws-do.digitalocean.node_plus_do: Unpacking tzdata (2025b-0ubuntu0.22.04.1) over (2024a-0ubuntu0.22.04) ...
==> build-multinube-aws-do.digitalocean.node_plus_do: Preparing to unpack .../10-vim_2%3a8.2.3995-1ubuntu2.24_amd64.deb ...
==> build-multinube-aws-do.digitalocean.node_plus_do: Unpacking vim (2:8.2.3995-1ubuntu2.24) over (2:8.2.3995-1ubuntu2.17) ...
==> build-multinube-aws-do.digitalocean.node_plus_do: Preparing to unpack .../11-vim-tiny_2%3a8.2.3995-1ubuntu2.24_amd64.deb ...
==> build-multinube-aws-do.digitalocean.node_plus_do: Unpacking vim-tiny (2:8.2.3995-1ubuntu2.24) over (2:8.2.3995-1ubuntu2.17) ...
==> build-multinube-aws-do.digitalocean.node_plus_do: Preparing to unpack .../12-vim-runtime_2%3a8.2.3995-1ubuntu2.24_all.deb ...
==> build-multinube-aws-do.digitalocean.node_plus_do: Unpacking vim-runtime (2:8.2.3995-1ubuntu2.24) over (2:8.2.3995-1ubuntu2.17) ...
==> build-multinube-aws-do.digitalocean.node_plus_do: Preparing to unpack .../13-xxd_2%3a8.2.3995-1ubuntu2.24_amd64.deb ...
==> build-multinube-aws-do.digitalocean.node_plus_do: Unpacking xxd (2:8.2.3995-1ubuntu2.24) over (2:8.2.3995-1ubuntu2.17) ...
==> build-multinube-aws-do.digitalocean.node_plus_do: Preparing to unpack .../14-vim-common_2%3a8.2.3995-1ubuntu2.24_all.deb ...
==> build-multinube-aws-do.digitalocean.node_plus_do: Unpacking vim-common (2:8.2.3995-1ubuntu2.24) over (2:8.2.3995-1ubuntu2.17) ...
==> build-multinube-aws-do.digitalocean.node_plus_do: Preparing to unpack .../15-apparmor_3.0.4-2ubuntu2.4_amd64.deb ...
==> build-multinube-aws-do.digitalocean.node_plus_do: Unpacking apparmor (3.0.4-2ubuntu2.4) over (3.0.4-2ubuntu2.3) ...
==> build-multinube-aws-do.digitalocean.node_plus_do: Preparing to unpack .../16-bind9-dnsutils_1%3a9.18.39-0ubuntu0.22.04.2_amd64.deb ...
==> build-multinube-aws-do.digitalocean.node_plus_do: Unpacking bind9-dnsutils (1:9.18.39-0ubuntu0.22.04.2) over (1:9.18.24-0ubuntu0.22.04.1) ...
==> build-multinube-aws-do.digitalocean.node_plus_do: Preparing to unpack .../17-bind9-host_1%3a9.18.39-0ubuntu0.22.04.2_amd64.deb ...
==> build-multinube-aws-do.digitalocean.node_plus_do: Unpacking bind9-host (1:9.18.39-0ubuntu0.22.04.2) over (1:9.18.24-0ubuntu0.22.04.1) ...
==> build-multinube-aws-do.digitalocean.node_plus_do: Preparing to unpack .../18-bind9-libs_1%3a9.18.39-0ubuntu0.22.04.2_amd64.deb ...
==> build-multinube-aws-do.digitalocean.node_plus_do: Unpacking bind9-libs:amd64 (1:9.18.39-0ubuntu0.22.04.2) over (1:9.18.24-0ubuntu0.22.04.1) ...
==> build-multinube-aws-do.digitalocean.node_plus_do: Preparing to unpack .../19-busybox-static_1%3a1.30.1-7ubuntu3.1_amd64.deb ...
==> build-multinube-aws-do.digitalocean.node_plus_do: Unpacking busybox-static (1:1.30.1-7ubuntu3.1) over (1:1.30.1-7ubuntu3) ...
==> build-multinube-aws-do.digitalocean.node_plus_do: Preparing to unpack .../20-iputils-tracepath_3%3a20211215-1ubuntu0.1_amd64.deb ...
==> build-multinube-aws-do.digitalocean.node_plus_do: Unpacking iputils-tracepath (3:20211215-1ubuntu0.1) over (3:20211215-1) ...
==> build-multinube-aws-do.digitalocean.node_plus_do: Preparing to unpack .../21-nano_6.2-1ubuntu0.1_amd64.deb ...
==> build-multinube-aws-do.digitalocean.node_plus_do: Unpacking nano (6.2-1ubuntu0.1) over (6.2-1) ...
==> build-multinube-aws-do.digitalocean.node_plus_do: Preparing to unpack .../22-python3-problem-report_2.20.11-0ubuntu82.10_all.deb ...
==> build-multinube-aws-do.digitalocean.node_plus_do: Unpacking python3-problem-report (2.20.11-0ubuntu82.10) over (2.20.11-0ubuntu82.5) ...
==> build-multinube-aws-do.digitalocean.node_plus_do: Preparing to unpack .../23-python3-apport_2.20.11-0ubuntu82.10_all.deb ...
==> build-multinube-aws-do.digitalocean.node_plus_do: Unpacking python3-apport (2.20.11-0ubuntu82.10) over (2.20.11-0ubuntu82.5) ...
==> build-multinube-aws-do.digitalocean.node_plus_do: Preparing to unpack .../24-apport_2.20.11-0ubuntu82.10_all.deb ...
==> build-multinube-aws-do.digitalocean.node_plus_do: Unpacking apport (2.20.11-0ubuntu82.10) over (2.20.11-0ubuntu82.5) ...
==> build-multinube-aws-do.digitalocean.node_plus_do: Preparing to unpack .../25-libctf0_2.38-4ubuntu2.10_amd64.deb ...
==> build-multinube-aws-do.digitalocean.node_plus_do: Unpacking libctf0:amd64 (2.38-4ubuntu2.10) over (2.38-4ubuntu2.6) ...
==> build-multinube-aws-do.digitalocean.node_plus_do: Preparing to unpack .../26-libctf-nobfd0_2.38-4ubuntu2.10_amd64.deb ...
==> build-multinube-aws-do.digitalocean.node_plus_do: Unpacking libctf-nobfd0:amd64 (2.38-4ubuntu2.10) over (2.38-4ubuntu2.6) ...
==> build-multinube-aws-do.digitalocean.node_plus_do: Preparing to unpack .../27-binutils-x86-64-linux-gnu_2.38-4ubuntu2.10_amd64.deb ...
==> build-multinube-aws-do.digitalocean.node_plus_do: Unpacking binutils-x86-64-linux-gnu (2.38-4ubuntu2.10) over (2.38-4ubuntu2.6) ...
==> build-multinube-aws-do.digitalocean.node_plus_do: Preparing to unpack .../28-libbinutils_2.38-4ubuntu2.10_amd64.deb ...
==> build-multinube-aws-do.digitalocean.node_plus_do: Unpacking libbinutils:amd64 (2.38-4ubuntu2.10) over (2.38-4ubuntu2.6) ...
==> build-multinube-aws-do.digitalocean.node_plus_do: Preparing to unpack .../29-binutils_2.38-4ubuntu2.10_amd64.deb ...
==> build-multinube-aws-do.digitalocean.node_plus_do: Unpacking binutils (2.38-4ubuntu2.10) over (2.38-4ubuntu2.6) ...
==> build-multinube-aws-do.digitalocean.node_plus_do: Preparing to unpack .../30-binutils-common_2.38-4ubuntu2.10_amd64.deb ...
==> build-multinube-aws-do.digitalocean.node_plus_do: Unpacking binutils-common:amd64 (2.38-4ubuntu2.10) over (2.38-4ubuntu2.6) ...
==> build-multinube-aws-do.digitalocean.node_plus_do: Preparing to unpack .../31-busybox-initramfs_1%3a1.30.1-7ubuntu3.1_amd64.deb ...
==> build-multinube-aws-do.digitalocean.node_plus_do: Unpacking busybox-initramfs (1:1.30.1-7ubuntu3.1) over (1:1.30.1-7ubuntu3) ...
==> build-multinube-aws-do.digitalocean.node_plus_do: Preparing to unpack .../32-curl_7.81.0-1ubuntu1.21_amd64.deb ...
==> build-multinube-aws-do.digitalocean.node_plus_do: Unpacking curl (7.81.0-1ubuntu1.21) over (7.81.0-1ubuntu1.16) ...
==> build-multinube-aws-do.digitalocean.node_plus_do: Preparing to unpack .../33-libcurl4_7.81.0-1ubuntu1.21_amd64.deb ...
==> build-multinube-aws-do.digitalocean.node_plus_do: Unpacking libcurl4:amd64 (7.81.0-1ubuntu1.21) over (7.81.0-1ubuntu1.16) ...
==> build-multinube-aws-do.digitalocean.node_plus_do: Preparing to unpack .../34-libarchive13_3.6.0-1ubuntu1.5_amd64.deb ...
==> build-multinube-aws-do.digitalocean.node_plus_do: Unpacking libarchive13:amd64 (3.6.0-1ubuntu1.5) over (3.6.0-1ubuntu1.1) ...
==> build-multinube-aws-do.digitalocean.node_plus_do: Preparing to unpack .../35-libblockdev-utils2_2.26-1ubuntu0.1_amd64.deb ...
==> build-multinube-aws-do.digitalocean.node_plus_do: Unpacking libblockdev-utils2:amd64 (2.26-1ubuntu0.1) over (2.26-1) ...
==> build-multinube-aws-do.digitalocean.node_plus_do: Preparing to unpack .../36-libblockdev-crypto2_2.26-1ubuntu0.1_amd64.deb ...
==> build-multinube-aws-do.digitalocean.node_plus_do: Unpacking libblockdev-crypto2:amd64 (2.26-1ubuntu0.1) over (2.26-1) ...
==> build-multinube-aws-do.digitalocean.node_plus_do: Preparing to unpack .../37-libblockdev-part-err2_2.26-1ubuntu0.1_amd64.deb ...
==> build-multinube-aws-do.digitalocean.node_plus_do: Unpacking libblockdev-part-err2:amd64 (2.26-1ubuntu0.1) over (2.26-1) ...
==> build-multinube-aws-do.digitalocean.node_plus_do: Preparing to unpack .../38-libblockdev-fs2_2.26-1ubuntu0.1_amd64.deb ...
==> build-multinube-aws-do.digitalocean.node_plus_do: Unpacking libblockdev-fs2:amd64 (2.26-1ubuntu0.1) over (2.26-1) ...
==> build-multinube-aws-do.digitalocean.node_plus_do: Preparing to unpack .../39-libblockdev-loop2_2.26-1ubuntu0.1_amd64.deb ...
==> build-multinube-aws-do.digitalocean.node_plus_do: Unpacking libblockdev-loop2:amd64 (2.26-1ubuntu0.1) over (2.26-1) ...
==> build-multinube-aws-do.digitalocean.node_plus_do: Preparing to unpack .../40-libblockdev-part2_2.26-1ubuntu0.1_amd64.deb ...
==> build-multinube-aws-do.digitalocean.node_plus_do: Unpacking libblockdev-part2:amd64 (2.26-1ubuntu0.1) over (2.26-1) ...
==> build-multinube-aws-do.digitalocean.node_plus_do: Preparing to unpack .../41-libblockdev-swap2_2.26-1ubuntu0.1_amd64.deb ...
==> build-multinube-aws-do.digitalocean.node_plus_do: Unpacking libblockdev-swap2:amd64 (2.26-1ubuntu0.1) over (2.26-1) ...
==> build-multinube-aws-do.digitalocean.node_plus_do: Preparing to unpack .../42-libblockdev2_2.26-1ubuntu0.1_amd64.deb ...
==> build-multinube-aws-do.digitalocean.node_plus_do: Unpacking libblockdev2:amd64 (2.26-1ubuntu0.1) over (2.26-1) ...
==> build-multinube-aws-do.digitalocean.node_plus_do: Preparing to unpack .../43-libfreetype6_2.11.1+dfsg-1ubuntu0.3_amd64.deb ...
==> build-multinube-aws-do.digitalocean.node_plus_do: Unpacking libfreetype6:amd64 (2.11.1+dfsg-1ubuntu0.3) over (2.11.1+dfsg-1ubuntu0.2) ...
==> build-multinube-aws-do.digitalocean.node_plus_do: Preparing to unpack .../44-libgstreamer1.0-0_1.20.3-0ubuntu1.1_amd64.deb ...
==> build-multinube-aws-do.digitalocean.node_plus_do: Unpacking libgstreamer1.0-0:amd64 (1.20.3-0ubuntu1.1) over (1.20.3-0ubuntu1) ...
==> build-multinube-aws-do.digitalocean.node_plus_do: Preparing to unpack .../45-libmodule-scandeps-perl_1.31-1ubuntu0.1_all.deb ...
==> build-multinube-aws-do.digitalocean.node_plus_do: Unpacking libmodule-scandeps-perl (1.31-1ubuntu0.1) over (1.31-1) ...
==> build-multinube-aws-do.digitalocean.node_plus_do: Preparing to unpack .../46-libudisks2-0_2.9.4-1ubuntu2.3_amd64.deb ...
==> build-multinube-aws-do.digitalocean.node_plus_do: Unpacking libudisks2-0:amd64 (2.9.4-1ubuntu2.3) over (2.9.4-1ubuntu2) ...
==> build-multinube-aws-do.digitalocean.node_plus_do: Preparing to unpack .../47-libxslt1.1_1.1.34-4ubuntu0.22.04.4_amd64.deb ...
==> build-multinube-aws-do.digitalocean.node_plus_do: Unpacking libxslt1.1:amd64 (1.1.34-4ubuntu0.22.04.4) over (1.1.34-4ubuntu0.22.04.1) ...
==> build-multinube-aws-do.digitalocean.node_plus_do: Preparing to unpack .../48-needrestart_3.5-5ubuntu2.4_all.deb ...
==> build-multinube-aws-do.digitalocean.node_plus_do: Unpacking needrestart (3.5-5ubuntu2.4) over (3.5-5ubuntu2.1) ...
==> build-multinube-aws-do.digitalocean.node_plus_do: Preparing to unpack .../49-python3-configobj_5.0.6-5ubuntu0.1_all.deb ...
==> build-multinube-aws-do.digitalocean.node_plus_do: Unpacking python3-configobj (5.0.6-5ubuntu0.1) over (5.0.6-5) ...
==> build-multinube-aws-do.digitalocean.node_plus_do: Preparing to unpack .../50-python3-jinja2_3.0.3-1ubuntu0.4_all.deb ...
==> build-multinube-aws-do.digitalocean.node_plus_do: Unpacking python3-jinja2 (3.0.3-1ubuntu0.4) over (3.0.3-1ubuntu0.2) ...
==> build-multinube-aws-do.digitalocean.node_plus_do: Preparing to unpack .../51-python3-urllib3_1.26.5-1~exp1ubuntu0.3_all.deb ...
==> build-multinube-aws-do.digitalocean.node_plus_do: Unpacking python3-urllib3 (1.26.5-1~exp1ubuntu0.3) over (1.26.5-1~exp1ubuntu0.1) ...
==> build-multinube-aws-do.digitalocean.node_plus_do: Preparing to unpack .../52-python3-requests_2.25.1+dfsg-2ubuntu0.3_all.deb ...
==> build-multinube-aws-do.digitalocean.node_plus_do: Unpacking python3-requests (2.25.1+dfsg-2ubuntu0.3) over (2.25.1+dfsg-2ubuntu0.1) ...
==> build-multinube-aws-do.digitalocean.node_plus_do: Preparing to unpack .../53-python3-twisted_22.1.0-2ubuntu2.6_all.deb ...
==> build-multinube-aws-do.digitalocean.node_plus_do: Unpacking python3-twisted (22.1.0-2ubuntu2.6) over (22.1.0-2ubuntu2.4) ...
==> build-multinube-aws-do.digitalocean.node_plus_do: Preparing to unpack .../54-python3-zipp_1.0.0-3ubuntu0.1_all.deb ...
==> build-multinube-aws-do.digitalocean.node_plus_do: Unpacking python3-zipp (1.0.0-3ubuntu0.1) over (1.0.0-3) ...
==> build-multinube-aws-do.digitalocean.node_plus_do: Preparing to unpack .../55-shim-signed_1.51.4+15.8-0ubuntu1_amd64.deb ...
==> build-multinube-aws-do.digitalocean.node_plus_do: Unpacking shim-signed (1.51.4+15.8-0ubuntu1) over (1.51.3+15.7-0ubuntu1) ...
==> build-multinube-aws-do.digitalocean.node_plus_do: Preparing to unpack .../56-snapd_2.63+22.04ubuntu0.1_amd64.deb ...
==> build-multinube-aws-do.digitalocean.node_plus_do: Unpacking snapd (2.63+22.04ubuntu0.1) over (2.63+22.04) ...
==> build-multinube-aws-do.digitalocean.node_plus_do: Preparing to unpack .../57-cloud-init_25.1.4-0ubuntu0~22.04.1_all.deb ...
==> build-multinube-aws-do.digitalocean.node_plus_do: Unpacking cloud-init (25.1.4-0ubuntu0~22.04.1) over (24.1.3-0ubuntu1~22.04.5) ...
==> build-multinube-aws-do.digitalocean.node_plus_do: dpkg: warning: unable to delete old directory '/etc/systemd/system/sshd-keygen@.service.d': Directory not empty
==> build-multinube-aws-do.digitalocean.node_plus_do: Preparing to unpack .../58-gnupg2_2.2.27-3ubuntu2.4_all.deb ...
==> build-multinube-aws-do.digitalocean.node_plus_do: Unpacking gnupg2 (2.2.27-3ubuntu2.4) over (2.2.27-3ubuntu2.1) ...
==> build-multinube-aws-do.digitalocean.node_plus_do: Setting up python3-pkg-resources (59.6.0-1.2ubuntu0.22.04.3) ...
==> build-multinube-aws-do.digitalocean.node_plus_do: Setting up libexpat1:amd64 (2.4.7-1ubuntu0.6) ...
==> build-multinube-aws-do.digitalocean.node_plus_do: Setting up libapparmor1:amd64 (3.0.4-2ubuntu2.4) ...
==> build-multinube-aws-do.digitalocean.node_plus_do: Setting up python3-setuptools (59.6.0-1.2ubuntu0.22.04.3) ...
==> build-multinube-aws-do.digitalocean.node_plus_do: Setting up python3-problem-report (2.20.11-0ubuntu82.10) ...
==> build-multinube-aws-do.digitalocean.node_plus_do: Setting up libglib2.0-0:amd64 (2.72.4-0ubuntu2.5) ...
==> build-multinube-aws-do.digitalocean.node_plus_do: No schema files found: doing nothing.
==> build-multinube-aws-do.digitalocean.node_plus_do: Setting up openssh-client (1:8.9p1-3ubuntu0.13) ...
==> build-multinube-aws-do.digitalocean.node_plus_do: Setting up libsqlite3-0:amd64 (3.37.2-2ubuntu0.5) ...
==> build-multinube-aws-do.digitalocean.node_plus_do: Setting up binutils-common:amd64 (2.38-4ubuntu2.10) ...
==> build-multinube-aws-do.digitalocean.node_plus_do: Setting up libctf-nobfd0:amd64 (2.38-4ubuntu2.10) ...
==> build-multinube-aws-do.digitalocean.node_plus_do: Setting up systemd (249.11-0ubuntu3.16) ...
==> build-multinube-aws-do.digitalocean.node_plus_do: Setting up python3-zipp (1.0.0-3ubuntu0.1) ...
==> build-multinube-aws-do.digitalocean.node_plus_do: Setting up perl-modules-5.34 (5.34.0-3ubuntu1.5) ...
==> build-multinube-aws-do.digitalocean.node_plus_do: Setting up locales (2.35-0ubuntu3.11) ...
==> build-multinube-aws-do.digitalocean.node_plus_do: debconf: unable to initialize frontend: Dialog
==> build-multinube-aws-do.digitalocean.node_plus_do: debconf: (Dialog frontend will not work on a dumb terminal, an emacs shell buffer, or without a controlling terminal.)
==> build-multinube-aws-do.digitalocean.node_plus_do: debconf: falling back to frontend: Readline
==> build-multinube-aws-do.digitalocean.node_plus_do: Generating locales (this might take a while)...
==> build-multinube-aws-do.digitalocean.node_plus_do:   en_US.UTF-8... done
==> build-multinube-aws-do.digitalocean.node_plus_do: Generation complete.
==> build-multinube-aws-do.digitalocean.node_plus_do: Setting up shim-signed (1.51.4+15.8-0ubuntu1) ...
==> build-multinube-aws-do.digitalocean.node_plus_do: debconf: unable to initialize frontend: Dialog
==> build-multinube-aws-do.digitalocean.node_plus_do: debconf: (Dialog frontend will not work on a dumb terminal, an emacs shell buffer, or without a controlling terminal.)
==> build-multinube-aws-do.digitalocean.node_plus_do: debconf: falling back to frontend: Readline
==> build-multinube-aws-do.digitalocean.node_plus_do: Trying to migrate /boot/efi into esp config
==> build-multinube-aws-do.digitalocean.node_plus_do: Unknown device "/dev/disk/by-id/*": No such file or directory
==> build-multinube-aws-do.digitalocean.node_plus_do: Installing grub to /boot/efi.
==> build-multinube-aws-do.digitalocean.node_plus_do: Installing for x86_64-efi platform.
==> build-multinube-aws-do.digitalocean.node_plus_do: grub-install: warning: EFI variables cannot be set on this system.
==> build-multinube-aws-do.digitalocean.node_plus_do: grub-install: warning: You will have to complete the GRUB setup manually.
==> build-multinube-aws-do.digitalocean.node_plus_do: Installation finished. No error reported.
==> build-multinube-aws-do.digitalocean.node_plus_do: Setting up xxd (2:8.2.3995-1ubuntu2.24) ...
==> build-multinube-aws-do.digitalocean.node_plus_do: Setting up python3-apport (2.20.11-0ubuntu82.10) ...
==> build-multinube-aws-do.digitalocean.node_plus_do: Setting up tzdata (2025b-0ubuntu0.22.04.1) ...
==> build-multinube-aws-do.digitalocean.node_plus_do: debconf: unable to initialize frontend: Dialog
==> build-multinube-aws-do.digitalocean.node_plus_do: debconf: (Dialog frontend will not work on a dumb terminal, an emacs shell buffer, or without a controlling terminal.)
==> build-multinube-aws-do.digitalocean.node_plus_do: debconf: falling back to frontend: Readline
==> build-multinube-aws-do.digitalocean.node_plus_do:
==> build-multinube-aws-do.digitalocean.node_plus_do: Current default time zone: 'Etc/UTC'
==> build-multinube-aws-do.digitalocean.node_plus_do: Local time is now:      Tue Nov 25 04:55:59 UTC 2025.
==> build-multinube-aws-do.digitalocean.node_plus_do: Universal Time is now:  Tue Nov 25 04:55:59 UTC 2025.
==> build-multinube-aws-do.digitalocean.node_plus_do: Run 'dpkg-reconfigure tzdata' if you wish to change it.
==> build-multinube-aws-do.digitalocean.node_plus_do:
==> build-multinube-aws-do.digitalocean.node_plus_do: Setting up libcap2-bin (1:2.44-1ubuntu0.22.04.2) ...
==> build-multinube-aws-do.digitalocean.node_plus_do: Setting up apparmor (3.0.4-2ubuntu2.4) ...
==> build-multinube-aws-do.digitalocean.node_plus_do: debconf: unable to initialize frontend: Dialog
==> build-multinube-aws-do.digitalocean.node_plus_do: debconf: (Dialog frontend will not work on a dumb terminal, an emacs shell buffer, or without a controlling terminal.)
==> build-multinube-aws-do.digitalocean.node_plus_do: debconf: falling back to frontend: Readline
==> build-multinube-aws-do.digitalocean.node_plus_do: Reloading AppArmor profiles
==> build-multinube-aws-do.digitalocean.node_plus_do: Skipping profile in /etc/apparmor.d/disable: usr.sbin.rsyslogd
==> build-multinube-aws-do.digitalocean.node_plus_do: Setting up python3-jinja2 (3.0.3-1ubuntu0.4) ...
==> build-multinube-aws-do.digitalocean.node_plus_do: Setting up libglib2.0-data (2.72.4-0ubuntu2.5) ...
==> build-multinube-aws-do.digitalocean.node_plus_do: Setting up python3-configobj (5.0.6-5ubuntu0.1) ...
==> build-multinube-aws-do.digitalocean.node_plus_do: Setting up vim-common (2:8.2.3995-1ubuntu2.24) ...
==> build-multinube-aws-do.digitalocean.node_plus_do: Setting up busybox-static (1:1.30.1-7ubuntu3.1) ...
==> build-multinube-aws-do.digitalocean.node_plus_do: Setting up libfreetype6:amd64 (2.11.1+dfsg-1ubuntu0.3) ...
==> build-multinube-aws-do.digitalocean.node_plus_do: Setting up libblockdev-utils2:amd64 (2.26-1ubuntu0.1) ...
==> build-multinube-aws-do.digitalocean.node_plus_do: Setting up gnupg-l10n (2.2.27-3ubuntu2.4) ...
==> build-multinube-aws-do.digitalocean.node_plus_do: Setting up python3-twisted (22.1.0-2ubuntu2.6) ...
==> build-multinube-aws-do.digitalocean.node_plus_do: Setting up systemd-timesyncd (249.11-0ubuntu3.16) ...
==> build-multinube-aws-do.digitalocean.node_plus_do: Setting up udev (249.11-0ubuntu3.16) ...
==> build-multinube-aws-do.digitalocean.node_plus_do: Setting up libpython3.10-minimal:amd64 (3.10.12-1~22.04.12) ...
==> build-multinube-aws-do.digitalocean.node_plus_do: Setting up sudo (1.9.9-1ubuntu2.5) ...
==> build-multinube-aws-do.digitalocean.node_plus_do: Setting up busybox-initramfs (1:1.30.1-7ubuntu3.1) ...
==> build-multinube-aws-do.digitalocean.node_plus_do: Setting up libssh-4:amd64 (0.9.6-2ubuntu0.22.04.5) ...
==> build-multinube-aws-do.digitalocean.node_plus_do: Setting up python3-urllib3 (1.26.5-1~exp1ubuntu0.3) ...
==> build-multinube-aws-do.digitalocean.node_plus_do: Setting up nano (6.2-1ubuntu0.1) ...
==> build-multinube-aws-do.digitalocean.node_plus_do: Setting up gpgconf (2.2.27-3ubuntu2.4) ...
==> build-multinube-aws-do.digitalocean.node_plus_do: Setting up libblockdev-part-err2:amd64 (2.26-1ubuntu0.1) ...
==> build-multinube-aws-do.digitalocean.node_plus_do: Setting up libcurl4:amd64 (7.81.0-1ubuntu1.21) ...
==> build-multinube-aws-do.digitalocean.node_plus_do: Setting up git-man (1:2.34.1-1ubuntu1.15) ...
==> build-multinube-aws-do.digitalocean.node_plus_do: Setting up curl (7.81.0-1ubuntu1.21) ...
==> build-multinube-aws-do.digitalocean.node_plus_do: Setting up libbinutils:amd64 (2.38-4ubuntu2.10) ...
==> build-multinube-aws-do.digitalocean.node_plus_do: Setting up vim-runtime (2:8.2.3995-1ubuntu2.24) ...
==> build-multinube-aws-do.amazon-ebs.node_nginx: Cleaning up any extra volumes...
==> build-multinube-aws-do.digitalocean.node_plus_do: Setting up openssl (3.0.2-0ubuntu1.20) ...
==> build-multinube-aws-do.digitalocean.node_plus_do: Setting up libelf1:amd64 (0.186-1ubuntu0.1) ...
==> build-multinube-aws-do.digitalocean.node_plus_do: Setting up libpam-cap:amd64 (1:2.44-1ubuntu0.22.04.2) ...
==> build-multinube-aws-do.amazon-ebs.node_nginx: No volumes to clean up, skipping
==> build-multinube-aws-do.amazon-ebs.node_nginx: Deleting temporary security group...
==> build-multinube-aws-do.digitalocean.node_plus_do: debconf: unable to initialize frontend: Dialog
==> build-multinube-aws-do.digitalocean.node_plus_do: debconf: (Dialog frontend will not work on a dumb terminal, an emacs shell buffer, or without a controlling terminal.)
==> build-multinube-aws-do.digitalocean.node_plus_do: debconf: falling back to frontend: Readline
==> build-multinube-aws-do.digitalocean.node_plus_do: Setting up iputils-ping (3:20211215-1ubuntu0.1) ...
==> build-multinube-aws-do.digitalocean.node_plus_do: Setting up libxml2:amd64 (2.9.13+dfsg-1ubuntu0.10) ...
==> build-multinube-aws-do.digitalocean.node_plus_do: Setting up gpg (2.2.27-3ubuntu2.4) ...
==> build-multinube-aws-do.digitalocean.node_plus_do: Setting up iputils-tracepath (3:20211215-1ubuntu0.1) ...
==> build-multinube-aws-do.digitalocean.node_plus_do: Setting up rsync (3.2.7-0ubuntu0.22.04.4) ...
==> build-multinube-aws-do.amazon-ebs.node_nginx: Deleting temporary keypair...
Build 'build-multinube-aws-do.amazon-ebs.node_nginx' errored after 1 minute 52 seconds: Script exited with non-zero exit status: 100. Allowed exit codes are: [0]
==> build-multinube-aws-do.digitalocean.node_plus_do: rsync.service is a disabled or a static unit not running, not starting it.
==> build-multinube-aws-do.digitalocean.node_plus_do: Setting up libudisks2-0:amd64 (2.9.4-1ubuntu2.3) ...
==> build-multinube-aws-do.digitalocean.node_plus_do: Setting up gnupg-utils (2.2.27-3ubuntu2.4) ...
==> build-multinube-aws-do.digitalocean.node_plus_do: Setting up libctf0:amd64 (2.38-4ubuntu2.10) ...
==> build-multinube-aws-do.digitalocean.node_plus_do: Setting up openssh-sftp-server (1:8.9p1-3ubuntu0.13) ...
==> build-multinube-aws-do.digitalocean.node_plus_do: Setting up libdw1:amd64 (0.186-1ubuntu0.1) ...
==> build-multinube-aws-do.digitalocean.node_plus_do: Setting up systemd-sysv (249.11-0ubuntu3.16) ...
==> build-multinube-aws-do.digitalocean.node_plus_do: Setting up libperl5.34:amd64 (5.34.0-3ubuntu1.5) ...
==> build-multinube-aws-do.digitalocean.node_plus_do: Setting up libblockdev-crypto2:amd64 (2.26-1ubuntu0.1) ...
==> build-multinube-aws-do.digitalocean.node_plus_do: Setting up gpg-agent (2.2.27-3ubuntu2.4) ...
==> build-multinube-aws-do.digitalocean.node_plus_do: Setting up libblockdev-swap2:amd64 (2.26-1ubuntu0.1) ...
==> build-multinube-aws-do.digitalocean.node_plus_do: Setting up openssh-server (1:8.9p1-3ubuntu0.13) ...
==> build-multinube-aws-do.digitalocean.node_plus_do: debconf: unable to initialize frontend: Dialog
==> build-multinube-aws-do.digitalocean.node_plus_do: debconf: (Dialog frontend will not work on a dumb terminal, an emacs shell buffer, or without a controlling terminal.)
==> build-multinube-aws-do.digitalocean.node_plus_do: debconf: falling back to frontend: Readline
==> build-multinube-aws-do.digitalocean.node_plus_do: Configuring openssh-server
==> build-multinube-aws-do.digitalocean.node_plus_do: --------------------------
==> build-multinube-aws-do.digitalocean.node_plus_do:
==> build-multinube-aws-do.digitalocean.node_plus_do: A new version (/tmp/tmp.GFsqMFMlmh) of configuration file /etc/ssh/sshd_config
==> build-multinube-aws-do.digitalocean.node_plus_do: is available, but the version installed currently has been locally modified.
==> build-multinube-aws-do.digitalocean.node_plus_do:
==> build-multinube-aws-do.digitalocean.node_plus_do:   1. install the package maintainer's version
==> build-multinube-aws-do.digitalocean.node_plus_do:   2. keep the local version currently installed
==> build-multinube-aws-do.digitalocean.node_plus_do:   3. show the differences between the versions
==> build-multinube-aws-do.digitalocean.node_plus_do:   4. show a side-by-side difference between the versions
==> build-multinube-aws-do.digitalocean.node_plus_do:   5. show a 3-way difference between available versions
==> build-multinube-aws-do.digitalocean.node_plus_do:   6. do a 3-way merge between available versions
==> build-multinube-aws-do.digitalocean.node_plus_do:   7. start a new shell to examine the situation
==> build-multinube-aws-do.digitalocean.node_plus_do:
